time="2025-12-03T15:36:44+03:00" level=warning msg="/home/tominvadim/devops-for-developers-project-74/docker-compose.yml: the attribute `version` is obsolete, it will be ignored, please remove it to avoid potential confusion"
#1 [internal] load local bake definitions
#1 reading from stdin 607B done
#1 DONE 0.0s

#2 [internal] load build definition from Dockerfile.production
#2 transferring dockerfile: 431B done
#2 WARN: JSONArgsRecommended: JSON arguments recommended for CMD to prevent unintended behavior related to OS signals (line 20)
#2 DONE 0.0s

#3 [internal] load metadata for docker.io/library/node:20.12.2
#3 DONE 0.0s

#4 [internal] load .dockerignore
#4 transferring context: 70B done
#4 DONE 0.0s

#5 [1/8] FROM docker.io/library/node:20.12.2
#5 DONE 0.0s

#6 [2/8] WORKDIR /app
#6 CACHED

#7 [internal] load build context
#7 transferring context: 2.52kB done
#7 DONE 0.0s

#8 [3/8] RUN npm config set registry https://registry.npmjs.org/
#8 DONE 0.8s

#9 [4/8] COPY app/package.json package.json
#9 DONE 0.1s

#10 [5/8] COPY app/package-lock.json package-lock.json
#10 DONE 0.1s

#11 [6/8] RUN npm ci --verbose
#11 0.559 npm verb cli /usr/local/bin/node /usr/local/bin/npm
#11 0.559 npm info using npm@10.5.0
#11 0.559 npm info using node@v20.12.2
#11 0.559 npm verb title npm ci
#11 0.559 npm verb argv "ci" "--loglevel" "verbose"
#11 0.560 npm verb logfile logs-max:10 dir:/root/.npm/_logs/2025-12-03T12_36_45_865Z-
#11 0.568 npm verb logfile /root/.npm/_logs/2025-12-03T12_36_45_865Z-debug-0.log
#11 1.594 npm verb reify failed optional dependency /app/node_modules/fsevents
#11 26.01 npm http fetch GET 200 https://registry.npmjs.org/content-disposition/-/content-disposition-0.5.4.tgz 23661ms (cache miss)
#11 26.04 npm http fetch GET 200 https://registry.npmjs.org/lru-cache/-/lru-cache-6.0.0.tgz 23443ms (cache miss)
#11 26.04 npm http fetch GET 200 https://registry.npmjs.org/set-cookie-parser/-/set-cookie-parser-2.6.0.tgz 24048ms (cache miss)
#11 26.05 npm http fetch GET 200 https://registry.npmjs.org/jsonfile/-/jsonfile-6.1.0.tgz 23866ms (cache miss)
#11 26.05 npm http fetch GET 200 https://registry.npmjs.org/react-is/-/react-is-18.2.0.tgz 24017ms (cache miss)
#11 26.05 npm http fetch GET 200 https://registry.npmjs.org/simple-get/-/simple-get-4.0.1.tgz 24060ms (cache miss)
#11 26.06 npm http fetch GET 200 https://registry.npmjs.org/cssesc/-/cssesc-3.0.0.tgz 23707ms (cache miss)
#11 26.06 npm http fetch GET 200 https://registry.npmjs.org/pug-parser/-/pug-parser-6.0.0.tgz 24019ms (cache miss)
#11 26.06 npm http fetch GET 200 https://registry.npmjs.org/http-proxy-agent/-/http-proxy-agent-5.0.0.tgz 23811ms (cache miss)
#11 26.06 npm http fetch GET 200 https://registry.npmjs.org/d/-/d-1.0.2.tgz 23716ms (cache miss)
#11 26.06 npm http fetch GET 200 https://registry.npmjs.org/depd/-/depd-2.0.0.tgz 23729ms (cache miss)
#11 26.07 npm http fetch GET 200 https://registry.npmjs.org/parse-github-url/-/parse-github-url-1.0.2.tgz 23982ms (cache miss)
#11 26.07 npm http fetch GET 200 https://registry.npmjs.org/set-function-length/-/set-function-length-1.2.2.tgz 24070ms (cache miss)
#11 26.07 npm http fetch GET 200 https://registry.npmjs.org/next-tick/-/next-tick-1.1.0.tgz 23950ms (cache miss)
#11 26.07 npm http fetch GET 200 https://registry.npmjs.org/ip/-/ip-2.0.0.tgz 23834ms (cache miss)
#11 26.07 npm http fetch GET 200 https://registry.npmjs.org/pirates/-/pirates-4.0.6.tgz 23999ms (cache miss)
#11 26.07 npm http fetch GET 200 https://registry.npmjs.org/registry-auth-token/-/registry-auth-token-5.0.1.tgz 24045ms (cache miss)
#11 26.08 npm http fetch GET 200 https://registry.npmjs.org/string-length/-/string-length-4.0.2.tgz 24104ms (cache miss)
#11 26.08 npm http fetch GET 200 https://registry.npmjs.org/end-of-stream/-/end-of-stream-1.4.4.tgz 23749ms (cache miss)
#11 26.08 npm http fetch GET 200 https://registry.npmjs.org/npm-run-path/-/npm-run-path-4.0.1.tgz 23975ms (cache miss)
#11 26.08 npm http fetch GET 200 https://registry.npmjs.org/fs-constants/-/fs-constants-1.0.0.tgz 23801ms (cache miss)
#11 26.08 npm http fetch GET 200 https://registry.npmjs.org/fast-levenshtein/-/fast-levenshtein-2.0.6.tgz 23786ms (cache miss)
#11 26.12 npm http fetch GET 200 https://registry.npmjs.org/pug-strip-comments/-/pug-strip-comments-2.0.0.tgz 24083ms (cache miss)
#11 26.13 npm http fetch GET 200 https://registry.npmjs.org/defer-to-connect/-/defer-to-connect-2.0.1.tgz 23787ms (cache miss)
#11 26.13 npm http fetch GET 200 https://registry.npmjs.org/spawn-command/-/spawn-command-0.0.2.tgz 24143ms (cache miss)
#11 26.13 npm http fetch GET 200 https://registry.npmjs.org/dir-glob/-/dir-glob-3.0.1.tgz 23794ms (cache miss)
#11 26.13 npm http fetch GET 200 https://registry.npmjs.org/encoding/-/encoding-0.1.13.tgz 23800ms (cache miss)
#11 26.13 npm http fetch GET 200 https://registry.npmjs.org/console-control-strings/-/console-control-strings-1.1.0.tgz 23776ms (cache miss)
#11 26.14 npm http fetch GET 200 https://registry.npmjs.org/registry-url/-/registry-url-6.0.1.tgz 24110ms (cache miss)
#11 26.14 npm http fetch GET 200 https://registry.npmjs.org/cookie-signature/-/cookie-signature-1.2.1.tgz 23788ms (cache miss)
#11 26.14 npm http fetch GET 200 https://registry.npmjs.org/concat-map/-/concat-map-0.0.1.tgz 23784ms (cache miss)
#11 26.14 npm http fetch GET 200 https://registry.npmjs.org/infer-owner/-/infer-owner-1.0.4.tgz 23900ms (cache miss)
#11 26.14 npm http fetch GET 200 https://registry.npmjs.org/regenerator-runtime/-/regenerator-runtime-0.14.1.tgz 24111ms (cache miss)
#11 26.14 npm http fetch GET 200 https://registry.npmjs.org/proc-log/-/proc-log-3.0.0.tgz 24086ms (cache miss)
#11 26.14 npm http fetch GET 200 https://registry.npmjs.org/decompress-response/-/decompress-response-6.0.0.tgz 23803ms (cache miss)
#11 26.15 npm http fetch GET 200 https://registry.npmjs.org/inflight/-/inflight-1.0.6.tgz 23908ms (cache miss)
#11 26.15 npm http fetch GET 200 https://registry.npmjs.org/is-plain-object/-/is-plain-object-2.0.4.tgz 23927ms (cache miss)
#11 26.15 npm http fetch GET 200 https://registry.npmjs.org/dot-prop/-/dot-prop-6.0.1.tgz 23816ms (cache miss)
#11 26.15 npm http fetch GET 200 https://registry.npmjs.org/pkg-dir/-/pkg-dir-4.2.0.tgz 24087ms (cache miss)
#11 26.15 npm http fetch GET 200 https://registry.npmjs.org/picocolors/-/picocolors-1.0.0.tgz 24079ms (cache miss)
#11 26.15 npm http fetch GET 200 https://registry.npmjs.org/dedent/-/dedent-1.5.3.tgz 23814ms (cache miss)
#11 26.16 npm http fetch GET 200 https://registry.npmjs.org/pug-load/-/pug-load-3.0.0.tgz 24115ms (cache miss)
#11 26.16 npm http fetch GET 200 https://registry.npmjs.org/postgres-date/-/postgres-date-1.0.7.tgz 24098ms (cache miss)
#11 26.16 npm http fetch GET 200 https://registry.npmjs.org/err-code/-/err-code-2.0.3.tgz 23838ms (cache miss)
#11 26.16 npm http fetch GET 200 https://registry.npmjs.org/real-require/-/real-require-0.2.0.tgz 24132ms (cache miss)
#11 26.16 npm http fetch GET 200 https://registry.npmjs.org/delegates/-/delegates-1.0.0.tgz 23826ms (cache miss)
#11 26.16 npm http fetch GET 200 https://registry.npmjs.org/onetime/-/onetime-5.1.2.tgz 24067ms (cache miss)
#11 26.16 npm http fetch GET 200 https://registry.npmjs.org/to-regex-range/-/to-regex-range-5.0.1.tgz 24213ms (cache miss)
#11 26.16 npm http fetch GET 200 https://registry.npmjs.org/npm-install-checks/-/npm-install-checks-6.3.0.tgz 24059ms (cache miss)
#11 26.17 npm http fetch GET 200 https://registry.npmjs.org/pg-cloudflare/-/pg-cloudflare-1.1.1.tgz 24087ms (cache miss)
#11 26.17 npm http fetch GET 200 https://registry.npmjs.org/mime-types/-/mime-types-2.1.35.tgz 24036ms (cache miss)
#11 26.17 npm http fetch GET 200 https://registry.npmjs.org/wrap-ansi/-/wrap-ansi-7.0.0.tgz 23575ms (cache miss)
#11 26.23 npm http fetch GET 200 https://registry.npmjs.org/define-data-property/-/define-data-property-1.1.4.tgz 23893ms (cache miss)
#11 26.23 npm http fetch GET 200 https://registry.npmjs.org/dottie/-/dottie-2.0.6.tgz 23899ms (cache miss)
#11 26.23 npm http fetch GET 200 https://registry.npmjs.org/fast-decode-uri-component/-/fast-decode-uri-component-1.0.1.tgz 23935ms (cache miss)
#11 26.23 npm http fetch GET 200 https://registry.npmjs.org/commist/-/commist-3.0.0.tgz 23879ms (cache miss)
#11 26.24 npm http fetch GET 200 https://registry.npmjs.org/es-object-atoms/-/es-object-atoms-1.0.0.tgz 23918ms (cache miss)
#11 26.24 npm http fetch GET 200 https://registry.npmjs.org/dateformat/-/dateformat-4.6.3.tgz 23896ms (cache miss)
#11 26.24 npm http fetch GET 200 https://registry.npmjs.org/deep-extend/-/deep-extend-0.6.0.tgz 23900ms (cache miss)
#11 26.24 npm http fetch GET 200 https://registry.npmjs.org/fastq/-/fastq-1.17.1.tgz 23956ms (cache miss)
#11 26.24 npm http fetch GET 200 https://registry.npmjs.org/shallow-clone/-/shallow-clone-3.0.1.tgz 24245ms (cache miss)
#11 26.24 npm http fetch GET 200 https://registry.npmjs.org/jest-resolve-dependencies/-/jest-resolve-dependencies-29.7.0.tgz 24049ms (cache miss)
#11 26.24 npm http fetch GET 200 https://registry.npmjs.org/es6-weak-map/-/es6-weak-map-2.0.3.tgz 23928ms (cache miss)
#11 26.24 npm http fetch GET 200 https://registry.npmjs.org/spawn-please/-/spawn-please-2.0.2.tgz 24257ms (cache miss)
#11 26.24 npm http fetch GET 200 https://registry.npmjs.org/require-directory/-/require-directory-2.1.1.tgz 24217ms (cache miss)
#11 26.24 npm http fetch GET 200 https://registry.npmjs.org/safe-regex-test/-/safe-regex-test-1.0.3.tgz 24233ms (cache miss)
#11 26.25 npm http fetch GET 200 https://registry.npmjs.org/signal-exit/-/signal-exit-3.0.7.tgz 24252ms (cache miss)
#11 26.25 npm http fetch GET 200 https://registry.npmjs.org/pgpass/-/pgpass-1.0.5.tgz 24174ms (cache miss)
#11 26.25 npm http fetch GET 200 https://registry.npmjs.org/simple-concat/-/simple-concat-1.0.1.tgz 24258ms (cache miss)
#11 26.25 npm http fetch GET 200 https://registry.npmjs.org/shebang-command/-/shebang-command-2.0.0.tgz 24256ms (cache miss)
#11 26.25 npm http fetch GET 200 https://registry.npmjs.org/readdirp/-/readdirp-3.6.0.tgz 24221ms (cache miss)
#11 26.25 npm http fetch GET 200 https://registry.npmjs.org/confusing-browser-globals/-/confusing-browser-globals-1.0.11.tgz 23900ms (cache miss)
#11 26.25 npm http fetch GET 200 https://registry.npmjs.org/pg-connection-string/-/pg-connection-string-2.6.2.tgz 24177ms (cache miss)
#11 26.26 npm http fetch GET 200 https://registry.npmjs.org/queue-microtask/-/queue-microtask-1.2.3.tgz 24219ms (cache miss)
#11 26.26 npm http fetch GET 200 https://registry.npmjs.org/pug-lexer/-/pug-lexer-5.0.1.tgz 24216ms (cache miss)
#11 26.26 npm http fetch GET 200 https://registry.npmjs.org/pug-linker/-/pug-linker-4.0.0.tgz 24215ms (cache miss)
#11 26.26 npm http fetch GET 200 https://registry.npmjs.org/node-gyp-build/-/node-gyp-build-4.8.0.tgz 24143ms (cache miss)
#11 26.26 npm http fetch GET 200 https://registry.npmjs.org/emoji-regex/-/emoji-regex-8.0.0.tgz 23931ms (cache miss)
#11 26.26 npm http fetch GET 200 https://registry.npmjs.org/spdx-correct/-/spdx-correct-3.2.0.tgz 24276ms (cache miss)
#11 26.26 npm http fetch GET 200 https://registry.npmjs.org/process/-/process-0.11.10.tgz 24207ms (cache miss)
#11 26.26 npm http fetch GET 200 https://registry.npmjs.org/eslint-import-resolver-node/-/eslint-import-resolver-node-0.3.9.tgz 23950ms (cache miss)
#11 26.26 npm http fetch GET 200 https://registry.npmjs.org/p-cancelable/-/p-cancelable-3.0.0.tgz 24170ms (cache miss)
#11 26.27 npm http fetch GET 200 https://registry.npmjs.org/pupa/-/pupa-3.1.0.tgz 24227ms (cache miss)
#11 26.27 npm http fetch GET 200 https://registry.npmjs.org/safe-buffer/-/safe-buffer-5.2.1.tgz 24256ms (cache miss)
#11 26.27 npm http fetch GET 200 https://registry.npmjs.org/p-map/-/p-map-4.0.0.tgz 24182ms (cache miss)
#11 26.27 npm http fetch GET 200 https://registry.npmjs.org/error-ex/-/error-ex-1.3.2.tgz 23949ms (cache miss)
#11 26.27 npm http fetch GET 200 https://registry.npmjs.org/slash/-/slash-3.0.0.tgz 24281ms (cache miss)
#11 26.27 npm http fetch GET 200 https://registry.npmjs.org/read-package-json-fast/-/read-package-json-fast-3.0.2.tgz 24239ms (cache miss)
#11 26.27 npm http fetch GET 200 https://registry.npmjs.org/npm-package-arg/-/npm-package-arg-10.1.0.tgz 24168ms (cache miss)
#11 26.27 npm http fetch GET 200 https://registry.npmjs.org/jstransformer-markdown-it/-/jstransformer-markdown-it-3.0.0.tgz 24094ms (cache miss)
#11 26.28 npm http fetch GET 200 https://registry.npmjs.org/minimatch/-/minimatch-3.1.2.tgz 24144ms (cache miss)
#11 26.28 npm http fetch GET 200 https://registry.npmjs.org/minipass-collect/-/minipass-collect-1.0.2.tgz 24146ms (cache miss)
#11 26.28 npm http fetch GET 200 https://registry.npmjs.org/setprototypeof/-/setprototypeof-1.2.0.tgz 24281ms (cache miss)
#11 26.28 npm http fetch GET 200 https://registry.npmjs.org/resolve-alpn/-/resolve-alpn-1.2.1.tgz 24259ms (cache miss)
#11 26.28 npm http fetch GET 200 https://registry.npmjs.org/remote-git-tags/-/remote-git-tags-3.0.0.tgz 24252ms (cache miss)
#11 26.37 npm http fetch GET 200 https://registry.npmjs.org/fb-watchman/-/fb-watchman-2.0.2.tgz 24091ms (cache miss)
#11 26.38 npm http fetch GET 200 https://registry.npmjs.org/ini/-/ini-2.0.0.tgz 24145ms (cache miss)
#11 26.39 npm http fetch GET 200 https://registry.npmjs.org/data-view-buffer/-/data-view-buffer-1.0.1.tgz 24039ms (cache miss)
#11 26.39 npm http fetch GET 200 https://registry.npmjs.org/side-channel/-/side-channel-1.0.6.tgz 24392ms (cache miss)
#11 26.39 npm http fetch GET 200 https://registry.npmjs.org/path-is-absolute/-/path-is-absolute-1.0.1.tgz 24305ms (cache miss)
#11 26.39 npm http fetch GET 200 https://registry.npmjs.org/es-define-property/-/es-define-property-1.0.0.tgz 24070ms (cache miss)
#11 26.39 npm http fetch GET 200 https://registry.npmjs.org/rechoir/-/rechoir-0.8.0.tgz 24364ms (cache miss)
#11 26.39 npm http fetch GET 200 https://registry.npmjs.org/once/-/once-1.4.0.tgz 24298ms (cache miss)
#11 26.40 npm http fetch GET 200 https://registry.npmjs.org/postgres-bytea/-/postgres-bytea-1.0.0.tgz 24337ms (cache miss)
#11 26.40 npm http fetch GET 200 https://registry.npmjs.org/emittery/-/emittery-0.13.1.tgz 24066ms (cache miss)
#11 26.40 npm http fetch GET 200 https://registry.npmjs.org/strip-ansi/-/strip-ansi-6.0.1.tgz 24428ms (cache miss)
#11 26.40 npm http fetch GET 200 https://registry.npmjs.org/ret/-/ret-0.2.2.tgz 24385ms (cache miss)
#11 26.40 npm http fetch GET 200 https://registry.npmjs.org/strip-bom/-/strip-bom-3.0.0.tgz 23827ms (cache miss)
#11 26.40 npm http fetch GET 200 https://registry.npmjs.org/has-bigints/-/has-bigints-1.0.2.tgz 24142ms (cache miss)
#11 26.49 npm http fetch GET 200 https://registry.npmjs.org/universalify/-/universalify-2.0.1.tgz 24550ms (cache miss)
#11 26.49 npm http fetch GET 200 https://registry.npmjs.org/strip-ansi/-/strip-ansi-7.0.1.tgz 23923ms (cache miss)
#11 26.49 npm http fetch GET 200 https://registry.npmjs.org/object-keys/-/object-keys-1.1.1.tgz 24388ms (cache miss)
#11 26.49 npm http fetch GET 200 https://registry.npmjs.org/escape-string-regexp/-/escape-string-regexp-1.0.5.tgz 24178ms (cache miss)
#11 26.50 npm http fetch GET 200 https://registry.npmjs.org/promise-inflight/-/promise-inflight-1.0.1.tgz 24444ms (cache miss)
#11 26.50 npm http fetch GET 200 https://registry.npmjs.org/data-view-byte-length/-/data-view-byte-length-1.0.1.tgz 24156ms (cache miss)
#11 26.50 npm http fetch GET 200 https://registry.npmjs.org/create-jest/-/create-jest-29.7.0.tgz 24151ms (cache miss)
#11 26.50 npm http fetch GET 200 https://registry.npmjs.org/emoji-regex/-/emoji-regex-9.2.2.tgz 23936ms (cache miss)
#11 26.51 npm http fetch GET 200 https://registry.npmjs.org/resolve.exports/-/resolve.exports-2.0.2.tgz 24489ms (cache miss)
#11 26.57 npm http fetch GET 200 https://registry.npmjs.org/cross-spawn/-/cross-spawn-7.0.3.tgz 24224ms (cache miss)
#11 26.58 npm http fetch GET 200 https://registry.npmjs.org/is-generator-fn/-/is-generator-fn-2.1.0.tgz 24350ms (cache miss)
#11 26.58 npm http fetch GET 200 https://registry.npmjs.org/path-parse/-/path-parse-1.0.7.tgz 24501ms (cache miss)
#11 26.59 npm http fetch GET 200 https://registry.npmjs.org/text-table/-/text-table-0.2.0.tgz 24626ms (cache miss)
#11 26.59 npm http fetch GET 200 https://registry.npmjs.org/get-stdin/-/get-stdin-8.0.0.tgz 24323ms (cache miss)
#11 26.69 npm http fetch GET 200 https://registry.npmjs.org/strip-ansi/-/strip-ansi-7.0.1.tgz 24121ms (cache miss)
#11 26.69 npm http fetch GET 200 https://registry.npmjs.org/jest-each/-/jest-each-29.7.0.tgz 24487ms (cache miss)
#11 26.69 npm http fetch GET 200 https://registry.npmjs.org/secure-json-parse/-/secure-json-parse-2.7.0.tgz 24685ms (cache miss)
#11 26.70 npm http fetch GET 200 https://registry.npmjs.org/is-array-buffer/-/is-array-buffer-3.0.4.tgz 24464ms (cache miss)
#11 26.70 npm http fetch GET 200 https://registry.npmjs.org/safe-array-concat/-/safe-array-concat-1.1.2.tgz 24690ms (cache miss)
#11 26.70 npm http fetch GET 200 https://registry.npmjs.org/quick-format-unescaped/-/quick-format-unescaped-4.0.4.tgz 24669ms (cache miss)
#11 26.71 npm http fetch GET 200 https://registry.npmjs.org/untildify/-/untildify-4.0.0.tgz 24778ms (cache miss)
#11 26.80 npm http fetch GET 200 https://registry.npmjs.org/is-negative-zero/-/is-negative-zero-2.0.3.tgz 24572ms (cache miss)
#11 26.80 npm http fetch GET 200 https://registry.npmjs.org/prelude-ls/-/prelude-ls-1.2.1.tgz 24739ms (cache miss)
#11 26.80 npm http fetch GET 200 https://registry.npmjs.org/event-emitter/-/event-emitter-0.3.5.tgz 24496ms (cache miss)
#11 26.80 npm http fetch GET 200 https://registry.npmjs.org/semver-diff/-/semver-diff-4.0.0.tgz 24795ms (cache miss)
#11 26.80 npm http fetch GET 200 https://registry.npmjs.org/safe-regex2/-/safe-regex2-2.0.0.tgz 24793ms (cache miss)
#11 26.80 npm http fetch GET 200 https://registry.npmjs.org/make-promises-safe/-/make-promises-safe-5.1.0.tgz 24650ms (cache miss)
#11 26.81 npm http fetch GET 200 https://registry.npmjs.org/is-path-inside/-/is-path-inside-3.0.3.tgz 24585ms (cache miss)
#11 26.81 npm http fetch GET 200 https://registry.npmjs.org/@tootallnate/once/-/once-1.1.2.tgz 24216ms (cache miss)
#11 26.81 npm http fetch GET 200 https://registry.npmjs.org/glob-parent/-/glob-parent-6.0.2.tgz 24545ms (cache miss)
#11 26.89 npm http fetch GET 200 https://registry.npmjs.org/jsonlines/-/jsonlines-0.1.1.tgz 24713ms (cache miss)
#11 26.89 npm http fetch GET 200 https://registry.npmjs.org/is-installed-globally/-/is-installed-globally-0.4.0.tgz 24670ms (cache miss)
#11 26.90 npm http fetch GET 200 https://registry.npmjs.org/expand-template/-/expand-template-2.0.3.tgz 24597ms (cache miss)
#11 26.90 npm http fetch GET 200 https://registry.npmjs.org/util-deprecate/-/util-deprecate-1.0.2.tgz 24971ms (cache miss)
#11 26.90 npm http fetch GET 200 https://registry.npmjs.org/get-caller-file/-/get-caller-file-2.0.5.tgz 24628ms (cache miss)
#11 26.90 npm http fetch GET 200 https://registry.npmjs.org/ansi-regex/-/ansi-regex-6.0.1.tgz 24333ms (cache miss)
#11 26.90 npm http fetch GET 200 https://registry.npmjs.org/github-from-package/-/github-from-package-0.0.0.tgz 24637ms (cache miss)
#11 26.98 npm http fetch GET 200 https://registry.npmjs.org/postcss-value-parser/-/postcss-value-parser-4.2.0.tgz 24921ms (cache miss)
#11 26.98 npm http fetch GET 200 https://registry.npmjs.org/string-width/-/string-width-5.1.2.tgz 24415ms (cache miss)
#11 26.98 npm http fetch GET 200 https://registry.npmjs.org/run-parallel/-/run-parallel-1.2.0.tgz 24972ms (cache miss)
#11 26.99 npm http fetch GET 200 https://registry.npmjs.org/@npmcli/move-file/-/move-file-1.1.2.tgz 24395ms (cache miss)
#11 26.99 npm http fetch GET 200 https://registry.npmjs.org/is-expression/-/is-expression-4.0.0.tgz 24761ms (cache miss)
#11 26.99 npm http fetch GET 200 https://registry.npmjs.org/lodash.compact/-/lodash.compact-3.0.1.tgz 24819ms (cache miss)
#11 26.99 npm http fetch GET 200 https://registry.npmjs.org/is-typedarray/-/is-typedarray-1.0.0.tgz 24773ms (cache miss)
#11 26.99 npm http fetch GET 200 https://registry.npmjs.org/import-local/-/import-local-3.1.0.tgz 24749ms (cache miss)
#11 26.99 npm http fetch GET 200 https://registry.npmjs.org/is-yarn-global/-/is-yarn-global-0.4.0.tgz 24776ms (cache miss)
#11 27.07 npm http fetch GET 200 https://registry.npmjs.org/debug/-/debug-4.3.4.tgz 24730ms (cache miss)
#11 27.07 npm http fetch GET 200 https://registry.npmjs.org/joycon/-/joycon-3.1.1.tgz 24886ms (cache miss)
#11 27.08 npm http fetch GET 200 https://registry.npmjs.org/ignore/-/ignore-5.2.0.tgz 24834ms (cache miss)
#11 27.08 npm http fetch GET 200 https://registry.npmjs.org/humanize-ms/-/humanize-ms-1.2.1.tgz 24834ms (cache miss)
#11 27.08 npm http fetch GET 200 https://registry.npmjs.org/interpret/-/interpret-3.1.1.tgz 24512ms (cache miss)
#11 27.08 npm http fetch GET 200 https://registry.npmjs.org/hasown/-/hasown-2.0.2.tgz 24827ms (cache miss)
#11 27.18 npm http fetch GET 200 https://registry.npmjs.org/object.values/-/object.values-1.2.0.tgz 25079ms (cache miss)
#11 27.18 npm http fetch GET 200 https://registry.npmjs.org/global-dirs/-/global-dirs-3.0.0.tgz 24921ms (cache miss)
#11 27.18 npm http fetch GET 200 https://registry.npmjs.org/path-exists/-/path-exists-4.0.0.tgz 25102ms (cache miss)
#11 27.19 npm http fetch GET 200 https://registry.npmjs.org/resolve-from/-/resolve-from-5.0.0.tgz 25169ms (cache miss)
#11 27.19 npm http fetch GET 200 https://registry.npmjs.org/node-releases/-/node-releases-2.0.14.tgz 25079ms (cache miss)
#11 27.19 npm http fetch GET 200 https://registry.npmjs.org/minipass-flush/-/minipass-flush-1.0.5.tgz 25062ms (cache miss)
#11 27.29 npm http fetch GET 200 https://registry.npmjs.org/is-string/-/is-string-1.0.7.tgz 25075ms (cache miss)
#11 27.30 npm http fetch GET 200 https://registry.npmjs.org/pug-walk/-/pug-walk-2.0.0.tgz 25256ms (cache miss)
#11 27.30 npm http fetch GET 200 https://registry.npmjs.org/parent-module/-/parent-module-1.0.1.tgz 25214ms (cache miss)
#11 27.30 npm http fetch GET 200 https://registry.npmjs.org/postgres-array/-/postgres-array-2.0.0.tgz 25240ms (cache miss)
#11 27.37 npm http fetch GET 200 https://registry.npmjs.org/sequelize-pool/-/sequelize-pool-7.1.0.tgz 25370ms (cache miss)
#11 27.38 npm http fetch GET 200 https://registry.npmjs.org/es-to-primitive/-/es-to-primitive-1.2.1.tgz 25060ms (cache miss)
#11 27.47 npm http fetch GET 200 https://registry.npmjs.org/cliui/-/cliui-7.0.4.tgz 24879ms (cache miss)
#11 27.56 npm http fetch GET 200 https://registry.npmjs.org/source-map-support/-/source-map-support-0.5.13.tgz 25574ms (cache miss)
#11 27.56 npm http fetch GET 200 https://registry.npmjs.org/fastify-plugin/-/fastify-plugin-3.0.1.tgz 25276ms (cache miss)
#11 27.64 npm http fetch GET 200 https://registry.npmjs.org/unique-filename/-/unique-filename-1.1.1.tgz 25703ms (cache miss)
#11 27.65 npm http fetch GET 200 https://registry.npmjs.org/espree/-/espree-10.0.1.tgz 25341ms (cache miss)
#11 27.76 npm http fetch GET 200 https://registry.npmjs.org/on-exit-leak-free/-/on-exit-leak-free-2.1.2.tgz 25662ms (cache miss)
#11 27.76 npm http fetch GET 200 https://registry.npmjs.org/env-paths/-/env-paths-2.2.1.tgz 25437ms (cache miss)
#11 27.77 npm http fetch GET 200 https://registry.npmjs.org/fast-deep-equal/-/fast-deep-equal-3.1.3.tgz 25473ms (cache miss)
#11 27.86 npm http fetch GET 200 https://registry.npmjs.org/make-fetch-happen/-/make-fetch-happen-9.1.0.tgz 25281ms (cache miss)
#11 27.87 npm http fetch GET 200 https://registry.npmjs.org/lodash.castarray/-/lodash.castarray-4.4.0.tgz 25696ms (cache miss)
#11 27.87 npm http fetch GET 200 https://registry.npmjs.org/require-from-string/-/require-from-string-2.0.2.tgz 25848ms (cache miss)
#11 27.87 npm http fetch GET 200 https://registry.npmjs.org/typedarray-to-buffer/-/typedarray-to-buffer-3.1.5.tgz 25927ms (cache miss)
#11 27.87 npm http fetch GET 200 https://registry.npmjs.org/jest-environment-node/-/jest-environment-node-29.7.0.tgz 25670ms (cache miss)
#11 27.87 npm http fetch GET 200 https://registry.npmjs.org/ansi-align/-/ansi-align-3.0.1.tgz 25461ms attempt #2 (cache miss)
#11 27.88 npm http fetch GET 200 https://registry.npmjs.org/media-typer/-/media-typer-0.3.0.tgz 25734ms (cache miss)
#11 27.89 npm http fetch GET 200 https://registry.npmjs.org/functions-have-names/-/functions-have-names-1.2.3.tgz 25614ms (cache miss)
#11 27.89 npm http fetch GET 200 https://registry.npmjs.org/getopts/-/getopts-2.3.0.tgz 25623ms (cache miss)
#11 27.96 npm http fetch GET 200 https://registry.npmjs.org/eslint-module-utils/-/eslint-module-utils-2.8.1.tgz 25647ms (cache miss)
#11 27.96 npm http fetch GET 200 https://registry.npmjs.org/pino-std-serializers/-/pino-std-serializers-6.2.2.tgz 25890ms (cache miss)
#11 27.96 npm http fetch GET 200 https://registry.npmjs.org/expect/-/expect-29.7.0.tgz 25663ms (cache miss)
#11 27.97 npm http fetch GET 200 https://registry.npmjs.org/minipass-sized/-/minipass-sized-1.0.3.tgz 25840ms (cache miss)
#11 27.97 npm http fetch GET 200 https://registry.npmjs.org/supports-color/-/supports-color-7.2.0.tgz 26003ms (cache miss)
#11 27.97 npm http fetch GET 200 https://registry.npmjs.org/latest-version/-/latest-version-7.0.0.tgz 25797ms (cache miss)
#11 27.97 npm http fetch GET 200 https://registry.npmjs.org/pkg-up/-/pkg-up-3.1.0.tgz 25911ms (cache miss)
#11 27.98 npm http fetch GET 200 https://registry.npmjs.org/randombytes/-/randombytes-2.1.0.tgz 25943ms (cache miss)
#11 27.98 npm http fetch GET 200 https://registry.npmjs.org/node-abi/-/node-abi-3.60.0.tgz 25863ms (cache miss)
#11 27.98 npm http fetch GET 200 https://registry.npmjs.org/fs-minipass/-/fs-minipass-2.1.0.tgz 25704ms (cache miss)
#11 27.98 npm http fetch GET 200 https://registry.npmjs.org/isobject/-/isobject-3.0.1.tgz 25769ms (cache miss)
#11 27.99 npm http fetch GET 200 https://registry.npmjs.org/jest-pnp-resolver/-/jest-pnp-resolver-1.2.3.tgz 25792ms (cache miss)
#11 27.99 npm http fetch GET 200 https://registry.npmjs.org/is-obj/-/is-obj-2.0.0.tgz 25768ms (cache miss)
#11 27.99 npm http fetch GET 200 https://registry.npmjs.org/is-glob/-/is-glob-4.0.3.tgz 25766ms (cache miss)
#11 28.00 npm http fetch GET 200 https://registry.npmjs.org/normalize-path/-/normalize-path-3.0.0.tgz 25889ms (cache miss)
#11 28.07 npm http fetch GET 200 https://registry.npmjs.org/flatted/-/flatted-3.3.1.tgz 25786ms (cache miss)
#11 28.08 npm http fetch GET 200 https://registry.npmjs.org/fast-safe-stringify/-/fast-safe-stringify-2.1.1.tgz 25782ms (cache miss)
#11 28.08 npm http fetch GET 200 https://registry.npmjs.org/stack-trace/-/stack-trace-0.0.10.tgz 26104ms (cache miss)
#11 28.08 npm http fetch GET 200 https://registry.npmjs.org/statuses/-/statuses-2.0.1.tgz 26104ms (cache miss)
#11 28.08 npm http fetch GET 200 https://registry.npmjs.org/toidentifier/-/toidentifier-1.0.1.tgz 26130ms (cache miss)
#11 28.08 npm http fetch GET 200 https://registry.npmjs.org/merge-stream/-/merge-stream-2.0.0.tgz 25935ms (cache miss)
#11 28.08 npm http fetch GET 200 https://registry.npmjs.org/sisteransi/-/sisteransi-1.0.5.tgz 26095ms (cache miss)
#11 28.09 npm http fetch GET 200 https://registry.npmjs.org/jest-leak-detector/-/jest-leak-detector-29.7.0.tgz 25886ms (cache miss)
#11 28.09 npm http fetch GET 200 https://registry.npmjs.org/fast-memoize/-/fast-memoize-2.5.2.tgz 25793ms (cache miss)
#11 28.09 npm http fetch GET 200 https://registry.npmjs.org/proto-list/-/proto-list-1.2.4.tgz 26040ms (cache miss)
#11 28.09 npm http fetch GET 200 https://registry.npmjs.org/resolve-cwd/-/resolve-cwd-3.0.0.tgz 26075ms (cache miss)
#11 28.10 npm http fetch GET 200 https://registry.npmjs.org/ansi-regex/-/ansi-regex-6.0.1.tgz 25524ms (cache miss)
#11 28.10 npm http fetch GET 200 https://registry.npmjs.org/import-fresh/-/import-fresh-3.3.0.tgz 25855ms (cache miss)
#11 28.10 npm http fetch GET 200 https://registry.npmjs.org/lodash.isempty/-/lodash.isempty-4.4.0.tgz 25932ms (cache miss)
#11 28.10 npm http fetch GET 200 https://registry.npmjs.org/unbox-primitive/-/unbox-primitive-1.0.2.tgz 26165ms (cache miss)
#11 28.11 npm http fetch GET 200 https://registry.npmjs.org/hashlru/-/hashlru-2.3.0.tgz 25854ms (cache miss)
#11 28.18 npm http fetch GET 200 https://registry.npmjs.org/has-yarn/-/has-yarn-3.0.0.tgz 25920ms (cache miss)
#11 28.18 npm http fetch GET 200 https://registry.npmjs.org/punycode/-/punycode-2.1.1.tgz 26139ms (cache miss)
#11 28.18 npm http fetch GET 200 https://registry.npmjs.org/forwarded/-/forwarded-0.2.0.tgz 25901ms (cache miss)
#11 28.18 npm http fetch GET 200 https://registry.npmjs.org/spdx-expression-parse/-/spdx-expression-parse-3.0.1.tgz 26198ms (cache miss)
#11 28.18 npm http fetch GET 200 https://registry.npmjs.org/postgres-interval/-/postgres-interval-1.2.0.tgz 26125ms (cache miss)
#11 28.18 npm http fetch GET 200 https://registry.npmjs.org/at-least-node/-/at-least-node-1.0.0.tgz 25789ms attempt #2 (cache miss)
#11 28.18 npm http fetch GET 200 https://registry.npmjs.org/strip-json-comments/-/strip-json-comments-3.1.1.tgz 26217ms (cache miss)
#11 28.19 npm http fetch GET 200 https://registry.npmjs.org/ignore-walk/-/ignore-walk-6.0.4.tgz 25943ms (cache miss)
#11 28.19 npm http fetch GET 200 https://registry.npmjs.org/ieee754/-/ieee754-1.2.1.tgz 25945ms (cache miss)
#11 28.19 npm http fetch GET 200 https://registry.npmjs.org/pump/-/pump-3.0.0.tgz 26150ms (cache miss)
#11 28.19 npm http fetch GET 200 https://registry.npmjs.org/http-proxy-agent/-/http-proxy-agent-4.0.1.tgz 25609ms (cache miss)
#11 28.20 npm http fetch GET 200 https://registry.npmjs.org/is-docker/-/is-docker-2.2.1.tgz 25968ms (cache miss)
#11 28.20 npm http fetch GET 200 https://registry.npmjs.org/json-parse-helpfulerror/-/json-parse-helpfulerror-1.0.3.tgz 26014ms (cache miss)
#11 28.20 npm http fetch GET 200 https://registry.npmjs.org/is-binary-path/-/is-binary-path-2.1.0.tgz 25971ms (cache miss)
#11 28.20 npm http fetch GET 200 https://registry.npmjs.org/@types/ms/-/ms-0.7.34.tgz 25759ms attempt #2 (cache miss)
#11 28.20 npm http fetch GET 200 https://registry.npmjs.org/mimic-response/-/mimic-response-1.0.1.tgz 26072ms (cache miss)
#11 28.20 npm http fetch GET 200 https://registry.npmjs.org/abstract-logging/-/abstract-logging-2.0.1.tgz 25784ms attempt #2 (cache miss)
#11 28.21 npm http fetch GET 200 https://registry.npmjs.org/escalade/-/escalade-3.1.1.tgz 25892ms (cache miss)
#11 28.28 npm http fetch GET 200 https://registry.npmjs.org/es-module-lexer/-/es-module-lexer-1.5.0.tgz 25962ms (cache miss)
#11 28.29 npm http fetch GET 200 https://registry.npmjs.org/string-width/-/string-width-4.2.3.tgz 26318ms (cache miss)
#11 28.29 npm http fetch GET 200 https://registry.npmjs.org/npm-bundled/-/npm-bundled-3.0.0.tgz 26188ms (cache miss)
#11 28.30 npm http fetch GET 200 https://registry.npmjs.org/p-limit/-/p-limit-3.1.0.tgz 26210ms (cache miss)
#11 28.30 npm http fetch GET 200 https://registry.npmjs.org/is-extglob/-/is-extglob-2.1.1.tgz 26071ms (cache miss)
#11 28.30 npm http fetch GET 200 https://registry.npmjs.org/p-try/-/p-try-2.2.0.tgz 26214ms (cache miss)
#11 28.30 npm http fetch GET 200 https://registry.npmjs.org/gensync/-/gensync-1.0.0-beta.2.tgz 26027ms (cache miss)
#11 28.30 npm http fetch GET 200 https://registry.npmjs.org/postcss-modules-extract-imports/-/postcss-modules-extract-imports-3.1.0.tgz 26239ms (cache miss)
#11 28.30 npm http fetch GET 200 https://registry.npmjs.org/js-stringify/-/js-stringify-1.0.2.tgz 26115ms (cache miss)
#11 28.30 npm http fetch GET 200 https://registry.npmjs.org/icss-utils/-/icss-utils-5.1.0.tgz 26058ms (cache miss)
#11 28.30 npm http fetch GET 200 https://registry.npmjs.org/socks-proxy-agent/-/socks-proxy-agent-6.2.1.tgz 25724ms (cache miss)
#11 28.31 npm http fetch GET 200 https://registry.npmjs.org/has-flag/-/has-flag-4.0.0.tgz 26048ms (cache miss)
#11 28.31 npm http fetch GET 200 https://registry.npmjs.org/@webassemblyjs/ieee754/-/ieee754-1.11.6.tgz 25882ms attempt #2 (cache miss)
#11 28.31 npm http fetch GET 200 https://registry.npmjs.org/possible-typed-array-names/-/possible-typed-array-names-1.0.0.tgz 26251ms (cache miss)
#11 28.36 npm http fetch GET 200 https://registry.npmjs.org/shell-quote/-/shell-quote-1.8.1.tgz 26369ms (cache miss)
#11 28.37 npm http fetch GET 200 https://registry.npmjs.org/make-dir/-/make-dir-4.0.0.tgz 26209ms (cache miss)
#11 28.37 npm http fetch GET 200 https://registry.npmjs.org/archy/-/archy-1.0.0.tgz 25970ms attempt #2 (cache miss)
#11 28.37 npm http fetch GET 200 https://registry.npmjs.org/flat-cache/-/flat-cache-3.2.0.tgz 26092ms (cache miss)
#11 28.37 npm http fetch GET 200 https://registry.npmjs.org/loader-runner/-/loader-runner-4.3.0.tgz 26200ms (cache miss)
#11 28.37 npm http fetch GET 200 https://registry.npmjs.org/is-ci/-/is-ci-3.0.1.tgz 26146ms (cache miss)
#11 28.37 npm http fetch GET 200 https://registry.npmjs.org/parse-json/-/parse-json-5.2.0.tgz 26292ms (cache miss)
#11 28.38 npm http fetch GET 200 https://registry.npmjs.org/chownr/-/chownr-1.1.4.tgz 25798ms (cache miss)
#11 28.38 npm http fetch GET 200 https://registry.npmjs.org/supports-color/-/supports-color-8.1.1.tgz 25803ms (cache miss)
#11 28.38 npm http fetch GET 200 https://registry.npmjs.org/escape-string-regexp/-/escape-string-regexp-2.0.0.tgz 25804ms (cache miss)
#11 28.38 npm http fetch GET 200 https://registry.npmjs.org/@types/keyv/-/keyv-3.1.4.tgz 25940ms attempt #2 (cache miss)
#11 28.39 npm http fetch GET 200 https://registry.npmjs.org/jest-watcher/-/jest-watcher-29.7.0.tgz 26198ms (cache miss)
#11 28.39 npm http fetch GET 200 https://registry.npmjs.org/path-type/-/path-type-4.0.0.tgz 26309ms (cache miss)
#11 28.39 npm http fetch GET 200 https://registry.npmjs.org/levn/-/levn-0.4.1.tgz 26218ms (cache miss)
#11 28.44 npm http fetch GET 200 https://registry.npmjs.org/sonic-boom/-/sonic-boom-3.8.1.tgz 26456ms (cache miss)
#11 28.45 npm http fetch GET 200 https://registry.npmjs.org/string-width/-/string-width-4.2.3.tgz 26479ms (cache miss)
#11 28.45 npm http fetch GET 200 https://registry.npmjs.org/acorn-jsx/-/acorn-jsx-5.3.2.tgz 26036ms attempt #2 (cache miss)
#11 28.45 npm http fetch GET 200 https://registry.npmjs.org/jstransformer/-/jstransformer-1.0.0.tgz 26276ms (cache miss)
#11 28.46 npm http fetch GET 200 https://registry.npmjs.org/p-locate/-/p-locate-5.0.0.tgz 26366ms (cache miss)
#11 28.46 npm http fetch GET 200 https://registry.npmjs.org/tunnel-agent/-/tunnel-agent-0.6.0.tgz 26514ms (cache miss)
#11 28.46 npm http fetch GET 200 https://registry.npmjs.org/is-stream/-/is-stream-2.0.1.tgz 26244ms (cache miss)
#11 28.46 npm http fetch GET 200 https://registry.npmjs.org/import-lazy/-/import-lazy-4.0.0.tgz 26222ms (cache miss)
#11 28.46 npm http fetch GET 200 https://registry.npmjs.org/cli-boxes/-/cli-boxes-3.0.0.tgz 26099ms attempt #2 (cache miss)
#11 28.47 npm http fetch GET 200 https://registry.npmjs.org/acorn-import-assertions/-/acorn-import-assertions-1.9.0.tgz 26048ms attempt #2 (cache miss)
#11 28.47 npm http fetch GET 200 https://registry.npmjs.org/indent-string/-/indent-string-4.0.0.tgz 26227ms (cache miss)
#11 28.47 npm http fetch GET 200 https://registry.npmjs.org/is-npm/-/is-npm-6.0.0.tgz 26246ms (cache miss)
#11 28.47 npm http fetch GET 200 https://registry.npmjs.org/ansi-regex/-/ansi-regex-5.0.1.tgz 26058ms attempt #2 (cache miss)
#11 28.47 npm http fetch GET 200 https://registry.npmjs.org/editorconfig/-/editorconfig-1.0.4.tgz 26144ms (cache miss)
#11 28.48 npm http fetch GET 200 https://registry.npmjs.org/ipaddr.js/-/ipaddr.js-1.9.1.tgz 26245ms (cache miss)
#11 28.54 npm http fetch GET 200 https://registry.npmjs.org/fastify-objectionjs/-/fastify-objectionjs-2.0.1.tgz 26252ms (cache miss)
#11 28.54 npm http fetch GET 200 https://registry.npmjs.org/jsesc/-/jsesc-2.5.2.tgz 26359ms (cache miss)
#11 28.55 npm http fetch GET 200 https://registry.npmjs.org/@webassemblyjs/wasm-edit/-/wasm-edit-1.12.1.tgz 26122ms attempt #2 (cache miss)
#11 28.55 npm http fetch GET 200 https://registry.npmjs.org/ansi-styles/-/ansi-styles-6.1.0.tgz 25982ms (cache miss)
#11 28.55 npm http fetch GET 200 https://registry.npmjs.org/@webpack-cli/serve/-/serve-2.0.5.tgz 26133ms attempt #2 (cache miss)
#11 28.55 npm http fetch GET 200 https://registry.npmjs.org/object-assign/-/object-assign-4.1.1.tgz 26453ms (cache miss)
#11 28.56 npm http fetch GET 200 https://registry.npmjs.org/minizlib/-/minizlib-2.1.2.tgz 26431ms (cache miss)
#11 28.56 npm http fetch GET 200 https://registry.npmjs.org/strip-bom/-/strip-bom-4.0.0.tgz 26589ms (cache miss)
#11 28.56 npm http fetch GET 200 https://registry.npmjs.org/assert-never/-/assert-never-1.2.1.tgz 26164ms attempt #2 (cache miss)
#11 28.57 npm http fetch GET 200 https://registry.npmjs.org/is-typed-array/-/is-typed-array-1.1.13.tgz 26349ms (cache miss)
#11 28.58 npm http fetch GET 200 https://registry.npmjs.org/@aashutoshrathi/word-wrap/-/word-wrap-1.2.6.tgz 26011ms (cache miss)
#11 28.58 npm http fetch GET 200 https://registry.npmjs.org/js-cookie/-/js-cookie-3.0.5.tgz 26391ms (cache miss)
#11 28.62 npm http fetch GET 200 https://registry.npmjs.org/internal-slot/-/internal-slot-1.0.7.tgz 26377ms (cache miss)
#11 28.62 npm http fetch GET 200 https://registry.npmjs.org/https-proxy-agent/-/https-proxy-agent-5.0.1.tgz 26373ms (cache miss)
#11 28.63 npm http fetch GET 200 https://registry.npmjs.org/json-parse-even-better-errors/-/json-parse-even-better-errors-2.3.1.tgz 26444ms (cache miss)
#11 28.63 npm http fetch GET 200 https://registry.npmjs.org/eslint-visitor-keys/-/eslint-visitor-keys-3.4.3.tgz 26319ms (cache miss)
#11 28.63 npm http fetch GET 200 https://registry.npmjs.org/node-int64/-/node-int64-0.4.0.tgz 26522ms (cache miss)
#11 28.63 npm http fetch GET 200 https://registry.npmjs.org/is-arrayish/-/is-arrayish-0.2.1.tgz 26397ms (cache miss)
#11 28.63 npm http fetch GET 200 https://registry.npmjs.org/is-lambda/-/is-lambda-1.0.1.tgz 26410ms (cache miss)
#11 28.64 npm http fetch GET 200 https://registry.npmjs.org/atomic-sleep/-/atomic-sleep-1.0.0.tgz 26242ms attempt #2 (cache miss)
#11 28.64 npm http fetch GET 200 https://registry.npmjs.org/makeerror/-/makeerror-1.0.12.tgz 26481ms (cache miss)
#11 28.65 npm http fetch GET 200 https://registry.npmjs.org/natural-compare/-/natural-compare-1.4.0.tgz 26531ms (cache miss)
#11 28.65 npm http fetch GET 200 https://registry.npmjs.org/gopd/-/gopd-1.0.1.tgz 26394ms (cache miss)
#11 28.69 npm http fetch GET 200 https://registry.npmjs.org/exit/-/exit-0.1.2.tgz 26386ms (cache miss)
#11 28.69 npm http fetch GET 200 https://registry.npmjs.org/ssri/-/ssri-10.0.5.tgz 26716ms (cache miss)
#11 28.69 npm http fetch GET 200 https://registry.npmjs.org/http-cache-semantics/-/http-cache-semantics-4.1.1.tgz 26442ms (cache miss)
#11 28.70 npm http fetch GET 200 https://registry.npmjs.org/json-stable-stringify-without-jsonify/-/json-stable-stringify-without-jsonify-1.0.1.tgz 26514ms (cache miss)
#11 28.70 npm http fetch GET 200 https://registry.npmjs.org/set-function-name/-/set-function-name-2.0.2.tgz 26700ms (cache miss)
#11 28.70 npm http fetch GET 200 https://registry.npmjs.org/chrome-trace-event/-/chrome-trace-event-1.0.3.tgz 26331ms attempt #2 (cache miss)
#11 28.70 npm http fetch GET 200 https://registry.npmjs.org/ansi-styles/-/ansi-styles-4.3.0.tgz 26302ms attempt #2 (cache miss)
#11 28.71 npm http fetch GET 200 https://registry.npmjs.org/abbrev/-/abbrev-1.1.1.tgz 26288ms attempt #2 (cache miss)
#11 28.71 npm http fetch GET 200 https://registry.npmjs.org/brace-expansion/-/brace-expansion-1.1.11.tgz 26330ms attempt #2 (cache miss)
#11 28.71 npm http fetch GET 200 https://registry.npmjs.org/token-stream/-/token-stream-1.0.0.tgz 26760ms (cache miss)
#11 28.71 npm http fetch GET 200 https://registry.npmjs.org/configstore/-/configstore-6.0.0.tgz 26359ms (cache miss)
#11 28.72 npm http fetch GET 200 https://registry.npmjs.org/jest-changed-files/-/jest-changed-files-29.7.0.tgz 26511ms (cache miss)
#11 28.72 npm http fetch GET 200 https://registry.npmjs.org/detect-newline/-/detect-newline-3.1.0.tgz 26381ms (cache miss)
#11 28.72 npm http fetch GET 200 https://registry.npmjs.org/escape-html/-/escape-html-1.0.3.tgz 26403ms (cache miss)
#11 28.72 npm http fetch GET 200 https://registry.npmjs.org/doctypes/-/doctypes-1.1.0.tgz 26387ms (cache miss)
#11 28.73 npm http fetch GET 200 https://registry.npmjs.org/lru-cache/-/lru-cache-5.1.1.tgz 26559ms (cache miss)
#11 28.76 npm http fetch GET 200 https://registry.npmjs.org/execa/-/execa-5.1.1.tgz 26459ms (cache miss)
#11 28.76 npm http fetch GET 200 https://registry.npmjs.org/fast-content-type-parse/-/fast-content-type-parse-1.1.0.tgz 26463ms (cache miss)
#11 28.77 npm http fetch GET 200 https://registry.npmjs.org/json-buffer/-/json-buffer-3.0.1.tgz 26587ms (cache miss)
#11 28.77 npm http fetch GET 200 https://registry.npmjs.org/minipass-pipeline/-/minipass-pipeline-1.2.4.tgz 26647ms (cache miss)
#11 28.78 npm http fetch GET 200 https://registry.npmjs.org/spdx-exceptions/-/spdx-exceptions-2.5.0.tgz 26792ms (cache miss)
#11 28.78 npm http fetch GET 200 https://registry.npmjs.org/jest-docblock/-/jest-docblock-29.7.0.tgz 26572ms (cache miss)
#11 28.78 npm http fetch GET 200 https://registry.npmjs.org/hosted-git-info/-/hosted-git-info-5.2.1.tgz 26522ms (cache miss)
#11 28.78 npm http fetch GET 200 https://registry.npmjs.org/aproba/-/aproba-2.0.0.tgz 26375ms attempt #2 (cache miss)
#11 28.78 npm http fetch GET 200 https://registry.npmjs.org/@webassemblyjs/helper-wasm-section/-/helper-wasm-section-1.12.1.tgz 26350ms attempt #2 (cache miss)
#11 28.78 npm http fetch GET 200 https://registry.npmjs.org/rfdc/-/rfdc-1.3.1.tgz 26767ms (cache miss)
#11 28.78 npm http fetch GET 200 https://registry.npmjs.org/proxy-addr/-/proxy-addr-2.0.7.tgz 26730ms (cache miss)
#11 28.78 npm http fetch GET 200 https://registry.npmjs.org/promise-retry/-/promise-retry-2.0.1.tgz 26729ms (cache miss)
#11 28.78 npm http fetch GET 200 https://registry.npmjs.org/isarray/-/isarray-2.0.5.tgz 26569ms (cache miss)
#11 28.79 npm http fetch GET 200 https://registry.npmjs.org/fp-and-or/-/fp-and-or-0.1.4.tgz 26512ms (cache miss)
#11 28.80 npm http fetch GET 200 https://registry.npmjs.org/glob/-/glob-7.2.3.tgz 26210ms (cache miss)
#11 28.83 npm http fetch GET 200 https://registry.npmjs.org/mdurl/-/mdurl-1.0.1.tgz 26670ms (cache miss)
#11 28.83 npm http fetch GET 200 https://registry.npmjs.org/test-exclude/-/test-exclude-6.0.0.tgz 26868ms (cache miss)
#11 28.83 npm http fetch GET 200 https://registry.npmjs.org/kleur/-/kleur-3.0.3.tgz 26653ms (cache miss)
#11 28.83 npm http fetch GET 200 https://registry.npmjs.org/@webassemblyjs/wasm-gen/-/wasm-gen-1.12.1.tgz 26408ms attempt #2 (cache miss)
#11 28.84 npm http fetch GET 200 https://registry.npmjs.org/ansi-escapes/-/ansi-escapes-4.3.2.tgz 26433ms attempt #2 (cache miss)
#11 28.84 npm http fetch GET 200 https://registry.npmjs.org/kind-of/-/kind-of-6.0.3.tgz 26662ms (cache miss)
#11 28.84 npm http fetch GET 200 https://registry.npmjs.org/file-uri-to-path/-/file-uri-to-path-1.0.0.tgz 26562ms (cache miss)
#11 28.85 npm http fetch GET 200 https://registry.npmjs.org/ms/-/ms-2.1.3.tgz 26725ms (cache miss)
#11 28.85 npm http fetch GET 200 https://registry.npmjs.org/inherits/-/inherits-2.0.4.tgz 26610ms (cache miss)
#11 28.85 npm http fetch GET 200 https://registry.npmjs.org/get-package-type/-/get-package-type-0.1.0.tgz 26583ms (cache miss)
#11 28.88 npm http fetch GET 200 https://registry.npmjs.org/electron-to-chromium/-/electron-to-chromium-1.4.746.tgz 26548ms (cache miss)
#11 28.88 npm http fetch GET 200 https://registry.npmjs.org/has-tostringtag/-/has-tostringtag-1.0.2.tgz 26624ms (cache miss)
#11 28.89 npm http fetch GET 200 https://registry.npmjs.org/linkify-it/-/linkify-it-4.0.1.tgz 26720ms (cache miss)
#11 28.89 npm http fetch GET 200 https://registry.npmjs.org/jsonparse/-/jsonparse-1.3.1.tgz 26715ms (cache miss)
#11 28.90 npm http fetch GET 200 https://registry.npmjs.org/jest-matcher-utils/-/jest-matcher-utils-29.7.0.tgz 26700ms (cache miss)
#11 28.90 npm http fetch GET 200 https://registry.npmjs.org/semver-utils/-/semver-utils-1.1.4.tgz 26894ms (cache miss)
#11 28.90 npm http fetch GET 200 https://registry.npmjs.org/fastify-method-override/-/fastify-method-override-1.5.10.tgz 26612ms (cache miss)
#11 28.90 npm http fetch GET 200 https://registry.npmjs.org/eastasianwidth/-/eastasianwidth-0.2.0.tgz 26570ms (cache miss)
#11 28.90 npm http fetch GET 200 https://registry.npmjs.org/deep-is/-/deep-is-0.1.4.tgz 26563ms (cache miss)
#11 28.90 npm http fetch GET 200 https://registry.npmjs.org/fill-range/-/fill-range-7.0.1.tgz 26622ms (cache miss)
#11 28.90 npm http fetch GET 200 https://registry.npmjs.org/pug-error/-/pug-error-2.0.0.tgz 26854ms (cache miss)
#11 28.91 npm http fetch GET 200 https://registry.npmjs.org/path-key/-/path-key-3.1.1.tgz 26825ms (cache miss)
#11 28.91 npm http fetch GET 200 https://registry.npmjs.org/string-width/-/string-width-5.1.2.tgz 26343ms (cache miss)
#11 28.91 npm http fetch GET 200 https://registry.npmjs.org/pug-attrs/-/pug-attrs-3.0.0.tgz 26861ms (cache miss)
#11 28.91 npm http fetch GET 200 https://registry.npmjs.org/lodash.merge/-/lodash.merge-4.6.2.tgz 26744ms (cache miss)
#11 28.92 npm http fetch GET 200 https://registry.npmjs.org/get-symbol-description/-/get-symbol-description-1.0.2.tgz 26654ms (cache miss)
#11 28.94 npm http fetch GET 200 https://registry.npmjs.org/eslint-config-airbnb-base/-/eslint-config-airbnb-base-15.0.0.tgz 26623ms (cache miss)
#11 28.94 npm http fetch GET 200 https://registry.npmjs.org/event-target-shim/-/event-target-shim-5.0.1.tgz 26635ms (cache miss)
#11 28.94 npm http fetch GET 200 https://registry.npmjs.org/negotiator/-/negotiator-0.6.3.tgz 26823ms (cache miss)
#11 28.95 npm http fetch GET 200 https://registry.npmjs.org/is-weakref/-/is-weakref-1.0.2.tgz 26732ms (cache miss)
#11 28.95 npm http fetch GET 200 https://registry.npmjs.org/globby/-/globby-11.1.0.tgz 26687ms (cache miss)
#11 28.95 npm http fetch GET 200 https://registry.npmjs.org/emoji-regex/-/emoji-regex-9.2.2.tgz 26386ms (cache miss)
#11 28.96 npm http fetch GET 200 https://registry.npmjs.org/keyv/-/keyv-4.5.4.tgz 26777ms (cache miss)
#11 28.96 npm http fetch GET 200 https://registry.npmjs.org/lru-queue/-/lru-queue-0.1.0.tgz 26792ms (cache miss)
#11 28.97 npm http fetch GET 200 https://registry.npmjs.org/spdx-license-ids/-/spdx-license-ids-3.0.17.tgz 26987ms (cache miss)
#11 29.01 npm http fetch GET 200 https://registry.npmjs.org/object.groupby/-/object.groupby-1.0.3.tgz 26906ms (cache miss)
#11 29.01 npm http fetch GET 200 https://registry.npmjs.org/is-date-object/-/is-date-object-1.0.5.tgz 26780ms (cache miss)
#11 29.01 npm http fetch GET 200 https://registry.npmjs.org/http-errors/-/http-errors-2.0.0.tgz 26761ms (cache miss)
#11 29.02 npm http fetch GET 200 https://registry.npmjs.org/postcss-modules-local-by-default/-/postcss-modules-local-by-default-4.0.5.tgz 26955ms (cache miss)
#11 29.02 npm http fetch GET 200 https://registry.npmjs.org/socks-proxy-agent/-/socks-proxy-agent-7.0.0.tgz 27030ms (cache miss)
#11 29.02 npm http fetch GET 200 https://registry.npmjs.org/detect-libc/-/detect-libc-2.0.3.tgz 26685ms (cache miss)
#11 29.02 npm http fetch GET 200 https://registry.npmjs.org/lru-cache/-/lru-cache-6.0.0.tgz 26441ms (cache miss)
#11 29.02 npm http fetch GET 200 https://registry.npmjs.org/@webpack-cli/configtest/-/configtest-2.1.1.tgz 26602ms attempt #2 (cache miss)
#11 29.02 npm http fetch GET 200 https://registry.npmjs.org/esrecurse/-/esrecurse-4.3.0.tgz 26721ms (cache miss)
#11 29.03 npm http fetch GET 200 https://registry.npmjs.org/for-each/-/for-each-0.3.3.tgz 26747ms (cache miss)
#11 29.03 npm http fetch GET 200 https://registry.npmjs.org/package-json/-/package-json-8.1.0.tgz 26941ms (cache miss)
#11 29.03 npm http fetch GET 200 https://registry.npmjs.org/babel-preset-current-node-syntax/-/babel-preset-current-node-syntax-1.0.1.tgz 26639ms attempt #2 (cache miss)
#11 29.03 npm http fetch GET 200 https://registry.npmjs.org/array-union/-/array-union-2.1.0.tgz 26632ms attempt #2 (cache miss)
#11 29.03 npm http fetch GET 200 https://registry.npmjs.org/@webpack-cli/info/-/info-2.0.2.tgz 26609ms attempt #2 (cache miss)
#11 29.03 npm http fetch GET 200 https://registry.npmjs.org/graceful-fs/-/graceful-fs-4.2.11.tgz 26461ms (cache miss)
#11 29.03 npm http fetch GET 200 https://registry.npmjs.org/jest/-/jest-29.7.0.tgz 26826ms (cache miss)
#11 29.04 npm http fetch GET 200 https://registry.npmjs.org/mkdirp-classic/-/mkdirp-classic-0.5.3.tgz 26910ms (cache miss)
#11 29.04 npm http fetch GET 200 https://registry.npmjs.org/imurmurhash/-/imurmurhash-0.1.4.tgz 26799ms (cache miss)
#11 29.04 npm http fetch GET 200 https://registry.npmjs.org/pretty-format/-/pretty-format-29.7.0.tgz 26985ms (cache miss)
#11 29.04 npm http fetch GET 200 https://registry.npmjs.org/rimraf/-/rimraf-3.0.2.tgz 27030ms (cache miss)
#11 29.07 npm http fetch GET 200 https://registry.npmjs.org/jest-snapshot/-/jest-snapshot-29.7.0.tgz 26876ms (cache miss)
#11 29.08 npm http fetch GET 200 https://registry.npmjs.org/stack-utils/-/stack-utils-2.0.6.tgz 27107ms (cache miss)
#11 29.08 npm http fetch GET 200 https://registry.npmjs.org/@webassemblyjs/utf8/-/utf8-1.11.6.tgz 26659ms attempt #2 (cache miss)
#11 29.08 npm http fetch GET 200 https://registry.npmjs.org/config-chain/-/config-chain-1.1.13.tgz 26731ms (cache miss)
#11 29.09 npm http fetch GET 200 https://registry.npmjs.org/unique-slug/-/unique-slug-2.0.2.tgz 27151ms (cache miss)
#11 29.09 npm http fetch GET 200 https://registry.npmjs.org/locate-path/-/locate-path-6.0.0.tgz 26919ms (cache miss)
#11 29.09 npm http fetch GET 200 https://registry.npmjs.org/merge2/-/merge2-1.4.1.tgz 26945ms (cache miss)
#11 29.10 npm http fetch GET 200 https://registry.npmjs.org/builtins/-/builtins-5.1.0.tgz 26723ms attempt #2 (cache miss)
#11 29.11 npm http fetch GET 200 https://registry.npmjs.org/events/-/events-3.3.0.tgz 26812ms (cache miss)
#11 29.13 npm http fetch GET 200 https://registry.npmjs.org/agent-base/-/agent-base-6.0.2.tgz 26709ms attempt #2 (cache miss)
#11 29.13 npm http fetch GET 200 https://registry.npmjs.org/jest-mock/-/jest-mock-29.7.0.tgz 26938ms (cache miss)
#11 29.14 npm http fetch GET 200 https://registry.npmjs.org/file-entry-cache/-/file-entry-cache-6.0.1.tgz 26852ms (cache miss)
#11 29.14 npm http fetch GET 200 https://registry.npmjs.org/type-is/-/type-is-1.6.18.tgz 27195ms (cache miss)
#11 29.14 npm http fetch GET 200 https://registry.npmjs.org/get-stream/-/get-stream-6.0.1.tgz 26874ms (cache miss)
#11 29.14 npm http fetch GET 200 https://registry.npmjs.org/pug-runtime/-/pug-runtime-3.0.1.tgz 27102ms (cache miss)
#11 29.15 npm http fetch GET 200 https://registry.npmjs.org/bindings/-/bindings-1.5.0.tgz 26763ms attempt #2 (cache miss)
#11 29.15 npm http fetch GET 200 https://registry.npmjs.org/buffer-from/-/buffer-from-1.1.2.tgz 26776ms attempt #2 (cache miss)
#11 29.15 npm http fetch GET 200 https://registry.npmjs.org/binary-extensions/-/binary-extensions-2.2.0.tgz 26764ms attempt #2 (cache miss)
#11 29.16 npm http fetch GET 200 https://registry.npmjs.org/isbinaryfile/-/isbinaryfile-4.0.10.tgz 26942ms (cache miss)
#11 29.18 npm http fetch GET 200 https://registry.npmjs.org/@ungap/structured-clone/-/structured-clone-1.2.0.tgz 26738ms attempt #2 (cache miss)
#11 29.18 npm http fetch GET 200 https://registry.npmjs.org/available-typed-arrays/-/available-typed-arrays-1.0.7.tgz 26787ms attempt #2 (cache miss)
#11 29.19 npm http fetch GET 200 https://registry.npmjs.org/npm-registry-fetch/-/npm-registry-fetch-14.0.5.tgz 27090ms (cache miss)
#11 29.20 npm http fetch GET 200 https://registry.npmjs.org/has-unicode/-/has-unicode-2.0.1.tgz 26939ms (cache miss)
#11 29.20 npm http fetch GET 200 https://registry.npmjs.org/supports-preserve-symlinks-flag/-/supports-preserve-symlinks-flag-1.0.0.tgz 27232ms (cache miss)
#11 29.20 npm http fetch GET 200 https://registry.npmjs.org/@xtuc/ieee754/-/ieee754-1.2.0.tgz 26778ms attempt #2 (cache miss)
#11 29.20 npm http fetch GET 200 https://registry.npmjs.org/minipass/-/minipass-3.3.4.tgz 27072ms (cache miss)
#11 29.20 npm http fetch GET 200 https://registry.npmjs.org/anymatch/-/anymatch-3.1.2.tgz 26803ms attempt #2 (cache miss)
#11 29.21 npm http fetch GET 200 https://registry.npmjs.org/mimic-fn/-/mimic-fn-2.1.0.tgz 27072ms (cache miss)
#11 29.21 npm http fetch GET 200 https://registry.npmjs.org/tree-kill/-/tree-kill-1.2.2.tgz 27257ms (cache miss)
#11 29.23 npm http fetch GET 200 https://registry.npmjs.org/toad-cache/-/toad-cache-3.7.0.tgz 27276ms (cache miss)
#11 29.23 npm http fetch GET 200 https://registry.npmjs.org/istanbul-lib-instrument/-/istanbul-lib-instrument-6.0.2.tgz 27017ms (cache miss)
#11 29.23 npm http fetch GET 200 https://registry.npmjs.org/data-view-byte-offset/-/data-view-byte-offset-1.0.0.tgz 26892ms (cache miss)
#11 29.24 npm http fetch GET 200 https://registry.npmjs.org/interpret/-/interpret-2.2.0.tgz 27001ms (cache miss)
#11 29.24 npm http fetch GET 200 https://registry.npmjs.org/normalize-package-data/-/normalize-package-data-5.0.0.tgz 27130ms (cache miss)
#11 29.24 npm http fetch GET 200 https://registry.npmjs.org/babel-plugin-jest-hoist/-/babel-plugin-jest-hoist-29.6.3.tgz 26853ms attempt #2 (cache miss)
#11 29.25 npm http fetch GET 200 https://registry.npmjs.org/shebang-regex/-/shebang-regex-3.0.0.tgz 27252ms (cache miss)
#11 29.25 npm http fetch GET 200 https://registry.npmjs.org/jest-get-type/-/jest-get-type-29.6.3.tgz 27048ms (cache miss)
#11 29.26 npm http fetch GET 200 https://registry.npmjs.org/glob/-/glob-7.2.3.tgz 26689ms (cache miss)
#11 29.27 npm http fetch GET 200 https://registry.npmjs.org/is-shared-array-buffer/-/is-shared-array-buffer-1.0.3.tgz 27052ms (cache miss)
#11 29.27 npm http fetch GET 200 https://registry.npmjs.org/array.prototype.flat/-/array.prototype.flat-1.3.2.tgz 26874ms attempt #2 (cache miss)
#11 29.27 npm http fetch GET 200 https://registry.npmjs.org/pg-types/-/pg-types-2.2.0.tgz 27197ms (cache miss)
#11 29.28 npm http fetch GET 200 https://registry.npmjs.org/inflection/-/inflection-1.13.4.tgz 27037ms (cache miss)
#11 29.28 npm http fetch GET 200 https://registry.npmjs.org/optionator/-/optionator-0.9.3.tgz 27181ms (cache miss)
#11 29.28 npm http fetch GET 200 https://registry.npmjs.org/retry-as-promised/-/retry-as-promised-7.0.4.tgz 27262ms (cache miss)
#11 29.29 npm http fetch GET 200 https://registry.npmjs.org/ssri/-/ssri-8.0.1.tgz 26707ms (cache miss)
#11 29.29 npm http fetch GET 200 https://registry.npmjs.org/base64-js/-/base64-js-1.5.1.tgz 26900ms attempt #2 (cache miss)
#11 29.29 npm http fetch GET 200 https://registry.npmjs.org/progress/-/progress-2.0.3.tgz 27236ms (cache miss)
#11 29.29 npm http fetch GET 200 https://registry.npmjs.org/es-shim-unscopables/-/es-shim-unscopables-1.0.2.tgz 26973ms (cache miss)
#11 29.29 npm http fetch GET 200 https://registry.npmjs.org/crypto-random-string/-/crypto-random-string-4.0.0.tgz 26943ms (cache miss)
#11 29.29 npm http fetch GET 200 https://registry.npmjs.org/responselike/-/responselike-2.0.1.tgz 27277ms (cache miss)
#11 29.29 npm http fetch GET 200 https://registry.npmjs.org/read-package-json/-/read-package-json-6.0.4.tgz 27262ms (cache miss)
#11 29.30 npm http fetch GET 200 https://registry.npmjs.org/pg-int8/-/pg-int8-1.0.1.tgz 27218ms (cache miss)
#11 29.30 npm http fetch GET 200 https://registry.npmjs.org/has-property-descriptors/-/has-property-descriptors-1.0.2.tgz 27039ms (cache miss)
#11 29.30 npm http fetch GET 200 https://registry.npmjs.org/napi-build-utils/-/napi-build-utils-1.0.2.tgz 27177ms (cache miss)
#11 29.32 npm http fetch GET 200 https://registry.npmjs.org/source-map-support/-/source-map-support-0.5.21.tgz 26743ms (cache miss)
#11 29.32 npm http fetch GET 200 https://registry.npmjs.org/cookie/-/cookie-0.6.0.tgz 26971ms (cache miss)
#11 29.33 npm http fetch GET 200 https://registry.npmjs.org/commander/-/commander-2.20.3.tgz 26749ms (cache miss)
#11 29.35 npm http fetch GET 200 https://registry.npmjs.org/json-schema-traverse/-/json-schema-traverse-0.4.1.tgz 27164ms (cache miss)
#11 29.35 npm http fetch GET 200 https://registry.npmjs.org/diff-sequences/-/diff-sequences-29.6.3.tgz 27015ms (cache miss)
#11 29.36 npm http fetch GET 200 https://registry.npmjs.org/umzug/-/umzug-2.3.0.tgz 27422ms (cache miss)
#11 29.37 npm http fetch GET 200 https://registry.npmjs.org/istanbul-lib-coverage/-/istanbul-lib-coverage-3.2.2.tgz 27153ms (cache miss)
#11 29.37 npm http fetch GET 200 https://registry.npmjs.org/globals/-/globals-15.0.0.tgz 27106ms (cache miss)
#11 29.37 npm http fetch GET 200 https://registry.npmjs.org/fastest-levenshtein/-/fastest-levenshtein-1.0.16.tgz 27082ms (cache miss)
#11 29.37 npm http fetch GET 200 https://registry.npmjs.org/mime-db/-/mime-db-1.52.0.tgz 27232ms (cache miss)
#11 29.38 npm http fetch GET 200 https://registry.npmjs.org/cacheable-lookup/-/cacheable-lookup-6.1.0.tgz 27008ms attempt #2 (cache miss)
#11 29.39 npm http fetch GET 200 https://registry.npmjs.org/strip-final-newline/-/strip-final-newline-2.0.0.tgz 27419ms (cache miss)
#11 29.39 npm http fetch GET 200 https://registry.npmjs.org/nopt/-/nopt-5.0.0.tgz 27274ms (cache miss)
#11 29.39 npm http fetch GET 200 https://registry.npmjs.org/define-properties/-/define-properties-1.2.1.tgz 27055ms (cache miss)
#11 29.41 npm http fetch GET 200 https://registry.npmjs.org/source-map-js/-/source-map-js-1.2.0.tgz 27422ms (cache miss)
#11 29.41 npm http fetch GET 200 https://registry.npmjs.org/esprima/-/esprima-4.0.1.tgz 27108ms (cache miss)
#11 29.41 npm http fetch GET 200 https://registry.npmjs.org/css-loader/-/css-loader-7.1.1.tgz 27065ms (cache miss)
#11 29.42 npm http fetch GET 200 https://registry.npmjs.org/eslint-scope/-/eslint-scope-5.1.1.tgz 26849ms (cache miss)
#11 29.42 npm http fetch GET 200 https://registry.npmjs.org/string.prototype.trimend/-/string.prototype.trimend-1.0.8.tgz 27454ms (cache miss)
#11 29.43 npm http fetch GET 200 https://registry.npmjs.org/is-data-view/-/is-data-view-1.0.1.tgz 27202ms (cache miss)
#11 29.44 npm http fetch GET 200 https://registry.npmjs.org/is-boolean-object/-/is-boolean-object-1.1.2.tgz 27210ms (cache miss)
#11 29.44 npm http fetch GET 200 https://registry.npmjs.org/jest-message-util/-/jest-message-util-29.7.0.tgz 27240ms (cache miss)
#11 29.44 npm http fetch GET 200 https://registry.npmjs.org/glob-to-regexp/-/glob-to-regexp-0.4.1.tgz 27180ms (cache miss)
#11 29.45 npm http fetch GET 200 https://registry.npmjs.org/is-promise/-/is-promise-2.2.2.tgz 27227ms (cache miss)
#11 29.49 npm http fetch GET 200 https://registry.npmjs.org/minipass-fetch/-/minipass-fetch-3.0.4.tgz 27363ms (cache miss)
#11 29.49 npm http fetch GET 200 https://registry.npmjs.org/process-warning/-/process-warning-3.0.0.tgz 27421ms (cache miss)
#11 29.50 npm http fetch GET 200 https://registry.npmjs.org/object.entries/-/object.entries-1.1.8.tgz 27396ms (cache miss)
#11 29.50 npm http fetch GET 200 https://registry.npmjs.org/minimist/-/minimist-1.2.6.tgz 27368ms (cache miss)
#11 29.50 npm http fetch GET 200 https://registry.npmjs.org/is-regex/-/is-regex-1.1.4.tgz 27279ms (cache miss)
#11 29.50 npm http fetch GET 200 https://registry.npmjs.org/array-includes/-/array-includes-3.1.8.tgz 27101ms attempt #2 (cache miss)
#11 29.50 npm http fetch GET 200 https://registry.npmjs.org/array.prototype.flatmap/-/array.prototype.flatmap-1.3.2.tgz 27107ms attempt #2 (cache miss)
#11 29.51 npm http fetch GET 200 https://registry.npmjs.org/is-callable/-/is-callable-1.2.7.tgz 27279ms (cache miss)
#11 29.52 npm http fetch GET 200 https://registry.npmjs.org/tuf-js/-/tuf-js-1.1.7.tgz 27571ms (cache miss)
#11 29.52 npm http fetch GET 200 https://registry.npmjs.org/is-number/-/is-number-7.0.0.tgz 27297ms (cache miss)
#11 29.52 npm http fetch GET 200 https://registry.npmjs.org/is-fullwidth-code-point/-/is-fullwidth-code-point-3.0.0.tgz 27295ms (cache miss)
#11 29.55 npm http fetch GET 200 https://registry.npmjs.org/es6-iterator/-/es6-iterator-2.0.3.tgz 27234ms (cache miss)
#11 29.55 npm http fetch GET 200 https://registry.npmjs.org/abort-controller/-/abort-controller-3.0.0.tgz 27137ms attempt #2 (cache miss)
#11 29.56 npm http fetch GET 200 https://registry.npmjs.org/are-we-there-yet/-/are-we-there-yet-3.0.1.tgz 27163ms attempt #2 (cache miss)
#11 29.57 npm http fetch GET 200 https://registry.npmjs.org/is-core-module/-/is-core-module-2.13.1.tgz 27337ms (cache miss)
#11 29.57 npm http fetch GET 200 https://registry.npmjs.org/has-proto/-/has-proto-1.0.3.tgz 27313ms (cache miss)
#11 29.57 npm http fetch GET 200 https://registry.npmjs.org/pug-code-gen/-/pug-code-gen-3.0.2.tgz 27525ms (cache miss)
#11 29.60 npm http fetch GET 200 https://registry.npmjs.org/help-me/-/help-me-4.2.0.tgz 27346ms (cache miss)
#11 29.60 npm http fetch GET 200 https://registry.npmjs.org/path-to-regexp/-/path-to-regexp-6.2.1.tgz 27522ms (cache miss)
#11 29.60 npm http fetch GET 200 https://registry.npmjs.org/braces/-/braces-3.0.2.tgz 27228ms attempt #2 (cache miss)
#11 29.62 npm http fetch GET 200 https://registry.npmjs.org/istanbul-lib-report/-/istanbul-lib-report-3.0.1.tgz 27403ms (cache miss)
#11 29.62 npm http fetch GET 200 https://registry.npmjs.org/jest-cli/-/jest-cli-29.7.0.tgz 27411ms (cache miss)
#11 29.62 npm http fetch GET 200 https://registry.npmjs.org/rc/-/rc-1.2.8.tgz 27586ms (cache miss)
#11 29.63 npm http fetch GET 200 https://registry.npmjs.org/pug-filters/-/pug-filters-4.0.0.tgz 27581ms (cache miss)
#11 29.64 npm http fetch GET 200 https://registry.npmjs.org/exponential-backoff/-/exponential-backoff-3.1.1.tgz 27343ms (cache miss)
#11 29.64 npm http fetch GET 200 https://registry.npmjs.org/form-data-encoder/-/form-data-encoder-2.1.0.tgz 27366ms (cache miss)
#11 29.65 npm http fetch GET 200 https://registry.npmjs.org/object.assign/-/object.assign-4.1.5.tgz 27549ms (cache miss)
#11 29.65 npm http fetch GET 200 https://registry.npmjs.org/typed-array-length/-/typed-array-length-1.0.6.tgz 27710ms (cache miss)
#11 29.65 npm http fetch GET 200 https://registry.npmjs.org/arraybuffer.prototype.slice/-/arraybuffer.prototype.slice-1.0.3.tgz 27256ms attempt #2 (cache miss)
#11 29.65 npm http fetch GET 200 https://registry.npmjs.org/asap/-/asap-2.0.6.tgz 27260ms attempt #2 (cache miss)
#11 29.66 npm http fetch GET 200 https://registry.npmjs.org/agentkeepalive/-/agentkeepalive-4.2.1.tgz 27241ms attempt #2 (cache miss)
#11 29.67 npm http fetch GET 200 https://registry.npmjs.org/entities/-/entities-3.0.1.tgz 27341ms (cache miss)
#11 29.67 npm http fetch GET 200 https://registry.npmjs.org/dotenv/-/dotenv-16.4.5.tgz 27344ms (cache miss)
#11 29.68 npm http fetch GET 200 https://registry.npmjs.org/doctrine/-/doctrine-3.0.0.tgz 27350ms (cache miss)
#11 29.68 npm http fetch GET 200 https://registry.npmjs.org/pino-abstract-transport/-/pino-abstract-transport-1.2.0.tgz 27609ms (cache miss)
#11 29.69 npm http fetch GET 200 https://registry.npmjs.org/es6-symbol/-/es6-symbol-3.1.4.tgz 27372ms (cache miss)
#11 29.69 npm http fetch GET 200 https://registry.npmjs.org/get-intrinsic/-/get-intrinsic-1.2.4.tgz 27422ms (cache miss)
#11 29.69 npm http fetch GET 200 https://registry.npmjs.org/object.fromentries/-/object.fromentries-2.0.8.tgz 27595ms (cache miss)
#11 29.71 npm http fetch GET 200 https://registry.npmjs.org/object-inspect/-/object-inspect-1.13.1.tgz 27611ms (cache miss)
#11 29.72 npm http fetch GET 200 https://registry.npmjs.org/jest-util/-/jest-util-29.7.0.tgz 27532ms (cache miss)
#11 29.73 npm http fetch GET 200 https://registry.npmjs.org/array.prototype.findlastindex/-/array.prototype.findlastindex-1.2.5.tgz 27332ms attempt #2 (cache miss)
#11 29.74 npm http fetch GET 200 https://registry.npmjs.org/call-bind/-/call-bind-1.0.7.tgz 27362ms attempt #2 (cache miss)
#11 29.74 npm http fetch GET 200 https://registry.npmjs.org/jest-regex-util/-/jest-regex-util-29.6.3.tgz 27544ms (cache miss)
#11 29.77 npm http fetch GET 200 https://registry.npmjs.org/terser-webpack-plugin/-/terser-webpack-plugin-5.3.10.tgz 27801ms (cache miss)
#11 29.77 npm http fetch GET 200 https://registry.npmjs.org/timers-ext/-/timers-ext-0.1.7.tgz 27819ms (cache miss)
#11 29.78 npm http fetch GET 200 https://registry.npmjs.org/serialize-javascript/-/serialize-javascript-6.0.2.tgz 27774ms (cache miss)
#11 29.81 npm http fetch GET 200 https://registry.npmjs.org/ext/-/ext-1.7.0.tgz 27512ms (cache miss)
#11 29.82 npm http fetch GET 200 https://registry.npmjs.org/gauge/-/gauge-4.0.4.tgz 27548ms (cache miss)
#11 29.82 npm http fetch GET 200 https://registry.npmjs.org/babel-walk/-/babel-walk-3.0.0-canary-5.tgz 27435ms attempt #2 (cache miss)
#11 29.83 npm http fetch GET 200 https://registry.npmjs.org/is-symbol/-/is-symbol-1.0.4.tgz 27618ms (cache miss)
#11 29.84 npm http fetch GET 200 https://registry.npmjs.org/find-up/-/find-up-5.0.0.tgz 27557ms (cache miss)
#11 29.84 npm http fetch GET 200 https://registry.npmjs.org/estraverse/-/estraverse-4.3.0.tgz 27269ms (cache miss)
#11 29.86 npm http fetch GET 200 https://registry.npmjs.org/picomatch/-/picomatch-2.3.1.tgz 27790ms (cache miss)
#11 29.87 npm http fetch GET 200 https://registry.npmjs.org/human-signals/-/human-signals-2.1.0.tgz 27629ms (cache miss)
#11 29.88 npm http fetch GET 200 https://registry.npmjs.org/objection-unique/-/objection-unique-1.2.2.tgz 27783ms (cache miss)
#11 29.88 npm http fetch GET 200 https://registry.npmjs.org/constantinople/-/constantinople-4.0.1.tgz 27530ms (cache miss)
#11 29.89 npm http fetch GET 200 https://registry.npmjs.org/json5/-/json5-1.0.2.tgz 27314ms (cache miss)
#11 29.92 npm http fetch GET 200 https://registry.npmjs.org/make-fetch-happen/-/make-fetch-happen-11.1.1.tgz 27760ms (cache miss)
#11 29.95 npm http fetch GET 200 https://registry.npmjs.org/is-bigint/-/is-bigint-1.0.4.tgz 27722ms (cache miss)
#11 29.97 npm http fetch GET 200 https://registry.npmjs.org/ajv-formats/-/ajv-formats-2.1.1.tgz 27558ms attempt #2 (cache miss)
#11 30.00 npm http fetch GET 200 https://registry.npmjs.org/style-loader/-/style-loader-4.0.0.tgz 28029ms (cache miss)
#11 30.01 npm http fetch GET 200 https://registry.npmjs.org/prebuild-install/-/prebuild-install-7.1.2.tgz 27948ms (cache miss)
#11 30.01 npm http fetch GET 200 https://registry.npmjs.org/deepmerge/-/deepmerge-4.3.1.tgz 27670ms (cache miss)
#11 30.01 npm http fetch GET 200 https://registry.npmjs.org/npm-packlist/-/npm-packlist-7.0.4.tgz 27905ms (cache miss)
#11 30.02 npm http fetch GET 200 https://registry.npmjs.org/bl/-/bl-4.1.0.tgz 27638ms attempt #2 (cache miss)
#11 30.03 npm http fetch GET 200 https://registry.npmjs.org/foreground-child/-/foreground-child-3.1.1.tgz 27756ms (cache miss)
#11 30.04 npm http fetch GET 200 https://registry.npmjs.org/mime/-/mime-3.0.0.tgz 27892ms (cache miss)
#11 30.04 npm http fetch GET 200 https://registry.npmjs.org/retry/-/retry-0.12.0.tgz 28024ms (cache miss)
#11 30.04 npm http fetch GET 200 https://registry.npmjs.org/html-escaper/-/html-escaper-2.0.2.tgz 27789ms (cache miss)
#11 30.05 npm http fetch GET 200 https://registry.npmjs.org/normalize-url/-/normalize-url-6.1.0.tgz 27938ms (cache miss)
#11 30.05 npm http fetch GET 200 https://registry.npmjs.org/array-buffer-byte-length/-/array-buffer-byte-length-1.0.1.tgz 27648ms attempt #2 (cache miss)
#11 30.05 npm http fetch GET 200 https://registry.npmjs.org/js-tokens/-/js-tokens-4.0.0.tgz 27866ms (cache miss)
#11 30.05 npm http fetch GET 200 https://registry.npmjs.org/graceful-fs/-/graceful-fs-4.2.10.tgz 27792ms (cache miss)
#11 30.08 npm http fetch GET 200 https://registry.npmjs.org/fast-redact/-/fast-redact-3.5.0.tgz 27786ms (cache miss)
#11 30.08 npm http fetch GET 200 https://registry.npmjs.org/pug/-/pug-3.0.2.tgz 28032ms (cache miss)
#11 30.10 npm http fetch GET 200 https://registry.npmjs.org/pg-pool/-/pg-pool-3.6.2.tgz 28027ms (cache miss)
#11 30.11 npm http fetch GET 200 https://registry.npmjs.org/jest-circus/-/jest-circus-29.7.0.tgz 27909ms (cache miss)
#11 30.12 npm http fetch GET 200 https://registry.npmjs.org/fastify-reverse-routes/-/fastify-reverse-routes-3.0.0.tgz 27832ms (cache miss)
#11 30.12 npm http fetch GET 200 https://registry.npmjs.org/fs.realpath/-/fs.realpath-1.0.0.tgz 27843ms (cache miss)
#11 30.13 npm http fetch GET 200 https://registry.npmjs.org/mkdirp/-/mkdirp-1.0.4.tgz 28002ms (cache miss)
#11 30.15 npm http fetch GET 200 https://registry.npmjs.org/@ampproject/remapping/-/remapping-2.3.0.tgz 27588ms (cache miss)
#11 30.15 npm http fetch GET 200 https://registry.npmjs.org/chalk/-/chalk-5.0.1.tgz 27580ms (cache miss)
#11 30.16 npm http fetch GET 200 https://registry.npmjs.org/npm-normalize-package-bin/-/npm-normalize-package-bin-3.0.1.tgz 28051ms (cache miss)
#11 30.16 npm http fetch GET 200 https://registry.npmjs.org/minipass-json-stream/-/minipass-json-stream-1.0.1.tgz 28029ms (cache miss)
#11 30.16 npm http fetch GET 200 https://registry.npmjs.org/quick-lru/-/quick-lru-5.1.1.tgz 28126ms (cache miss)
#11 30.20 npm http fetch GET 200 https://registry.npmjs.org/rc-config-loader/-/rc-config-loader-4.1.3.tgz 28165ms (cache miss)
#11 30.20 npm http fetch GET 200 https://registry.npmjs.org/lines-and-columns/-/lines-and-columns-1.2.4.tgz 28025ms (cache miss)
#11 30.22 npm http fetch GET 200 https://registry.npmjs.org/schema-utils/-/schema-utils-3.3.0.tgz 27642ms (cache miss)
#11 30.23 npm http fetch GET 200 https://registry.npmjs.org/tapable/-/tapable-2.2.1.tgz 28263ms (cache miss)
#11 30.26 npm http fetch GET 200 https://registry.npmjs.org/leven/-/leven-3.1.0.tgz 28087ms (cache miss)
#11 30.28 npm http fetch GET 200 https://registry.npmjs.org/memoizee/-/memoizee-0.4.15.tgz 28129ms (cache miss)
#11 30.29 npm http fetch GET 200 https://registry.npmjs.org/safe-stable-stringify/-/safe-stable-stringify-2.4.3.tgz 28285ms (cache miss)
#11 30.30 npm http fetch GET 200 https://registry.npmjs.org/type-detect/-/type-detect-4.0.8.tgz 28353ms (cache miss)
#11 30.31 npm http fetch GET 200 https://registry.npmjs.org/promise/-/promise-7.3.1.tgz 28257ms (cache miss)
#11 30.31 npm http fetch GET 200 https://registry.npmjs.org/argparse/-/argparse-2.0.1.tgz 27914ms attempt #2 (cache miss)
#11 30.34 npm http fetch GET 200 https://registry.npmjs.org/schema-utils/-/schema-utils-3.3.0.tgz 27770ms (cache miss)
#11 30.35 npm http fetch GET 200 https://registry.npmjs.org/eslint-scope/-/eslint-scope-7.2.2.tgz 28037ms (cache miss)
#11 30.36 npm http fetch GET 200 https://registry.npmjs.org/fast-querystring/-/fast-querystring-1.0.0.tgz 28063ms (cache miss)
#11 30.36 npm http fetch GET 200 https://registry.npmjs.org/npmlog/-/npmlog-6.0.2.tgz 28258ms (cache miss)
#11 30.36 npm http fetch GET 200 https://registry.npmjs.org/cookie/-/cookie-0.4.2.tgz 27796ms (cache miss)
#11 30.37 npm http fetch GET 200 https://registry.npmjs.org/ajv-keywords/-/ajv-keywords-3.5.2.tgz 27959ms attempt #2 (cache miss)
#11 30.38 npm http fetch GET 200 https://registry.npmjs.org/pacote/-/pacote-15.2.0.tgz 28295ms (cache miss)
#11 30.38 npm http fetch GET 200 https://registry.npmjs.org/estraverse/-/estraverse-5.3.0.tgz 28081ms (cache miss)
#11 30.39 npm http fetch GET 200 https://registry.npmjs.org/escape-goat/-/escape-goat-4.0.0.tgz 28075ms (cache miss)
#11 30.40 npm http fetch GET 200 https://registry.npmjs.org/path-scurry/-/path-scurry-1.10.2.tgz 28316ms (cache miss)
#11 30.40 npm http fetch GET 200 https://registry.npmjs.org/tar-fs/-/tar-fs-2.1.1.tgz 28439ms (cache miss)
#11 30.44 npm http fetch GET 200 https://registry.npmjs.org/minipass-fetch/-/minipass-fetch-1.4.1.tgz 27854ms (cache miss)
#11 30.44 npm http fetch GET 200 https://registry.npmjs.org/lowercase-keys/-/lowercase-keys-3.0.0.tgz 28274ms (cache miss)
#11 30.46 npm http fetch GET 200 https://registry.npmjs.org/esniff/-/esniff-2.0.1.tgz 28153ms (cache miss)
#11 30.47 npm http fetch GET 200 https://registry.npmjs.org/json-schema-ref-resolver/-/json-schema-ref-resolver-1.0.1.tgz 28287ms (cache miss)
#11 30.47 npm http fetch GET 200 https://registry.npmjs.org/postcss-modules-values/-/postcss-modules-values-4.0.0.tgz 28410ms (cache miss)
#11 30.47 npm http fetch GET 200 https://registry.npmjs.org/jest-runtime/-/jest-runtime-29.7.0.tgz 28280ms (cache miss)
#11 30.47 npm http fetch GET 200 https://registry.npmjs.org/istanbul-lib-source-maps/-/istanbul-lib-source-maps-4.0.1.tgz 28262ms (cache miss)
#11 30.53 npm http fetch GET 200 https://registry.npmjs.org/tar-stream/-/tar-stream-2.2.0.tgz 28565ms (cache miss)
#11 30.55 npm http fetch GET 200 https://registry.npmjs.org/jest-diff/-/jest-diff-29.7.0.tgz 28343ms (cache miss)
#11 30.55 npm http fetch GET 200 https://registry.npmjs.org/convert-source-map/-/convert-source-map-2.0.0.tgz 28200ms (cache miss)
#11 30.57 npm http fetch GET 200 https://registry.npmjs.org/function-bind/-/function-bind-1.1.2.tgz 28294ms (cache miss)
#11 30.59 npm http fetch GET 200 https://registry.npmjs.org/es-errors/-/es-errors-1.3.0.tgz 28268ms (cache miss)
#11 30.61 npm http fetch GET 200 https://registry.npmjs.org/fast-json-stable-stringify/-/fast-json-stable-stringify-2.1.0.tgz 28312ms (cache miss)
#11 30.63 npm http fetch GET 200 https://registry.npmjs.org/npm-pick-manifest/-/npm-pick-manifest-8.0.2.tgz 28526ms (cache miss)
#11 30.63 npm http fetch GET 200 https://registry.npmjs.org/schema-utils/-/schema-utils-4.0.0.tgz 28622ms (cache miss)
#11 30.65 npm http fetch GET 200 https://registry.npmjs.org/jest-config/-/jest-config-29.7.0.tgz 28443ms (cache miss)
#11 30.65 npm http fetch GET 200 https://registry.npmjs.org/nanoid/-/nanoid-3.3.7.tgz 28528ms (cache miss)
#11 30.65 npm http fetch GET 200 https://registry.npmjs.org/postcss-selector-parser/-/postcss-selector-parser-6.0.16.tgz 28594ms (cache miss)
#11 30.66 npm http fetch GET 200 https://registry.npmjs.org/prompts-ncu/-/prompts-ncu-3.0.0.tgz 28609ms (cache miss)
#11 30.66 npm http fetch GET 200 https://registry.npmjs.org/commander/-/commander-10.0.1.tgz 28306ms (cache miss)
#11 30.67 npm http fetch GET 200 https://registry.npmjs.org/function.prototype.name/-/function.prototype.name-1.1.6.tgz 28394ms (cache miss)
#11 30.67 npm http fetch GET 200 https://registry.npmjs.org/jest-validate/-/jest-validate-29.7.0.tgz 28483ms (cache miss)
#11 30.69 npm http fetch GET 200 https://registry.npmjs.org/light-my-request/-/light-my-request-5.13.0.tgz 28514ms (cache miss)
#11 30.71 npm http fetch GET 200 https://registry.npmjs.org/esm/-/esm-3.2.25.tgz 28405ms (cache miss)
#11 30.73 npm http fetch GET 200 https://registry.npmjs.org/mustache/-/mustache-4.2.0.tgz 28609ms (cache miss)
#11 30.75 npm http fetch GET 200 https://registry.npmjs.org/tslib/-/tslib-2.6.2.tgz 28797ms (cache miss)
#11 30.75 npm http fetch GET 200 https://registry.npmjs.org/is-number-object/-/is-number-object-1.0.7.tgz 28524ms (cache miss)
#11 30.75 npm http fetch GET 200 https://registry.npmjs.org/micromatch/-/micromatch-4.0.5.tgz 28603ms (cache miss)
#11 30.78 npm http fetch GET 200 https://registry.npmjs.org/cacache/-/cacache-15.3.0.tgz 28187ms (cache miss)
#11 30.82 npm http fetch GET 200 https://registry.npmjs.org/node-addon-api/-/node-addon-api-7.1.0.tgz 28241ms (cache miss)
#11 30.83 npm http fetch GET 200 https://registry.npmjs.org/fast-uri/-/fast-uri-2.3.0.tgz 28535ms (cache miss)
#11 30.83 npm http fetch GET 200 https://registry.npmjs.org/jest-runner/-/jest-runner-29.7.0.tgz 28641ms (cache miss)
#11 30.86 npm http fetch GET 200 https://registry.npmjs.org/minipass/-/minipass-7.0.4.tgz 28278ms (cache miss)
#11 30.87 npm http fetch GET 200 https://registry.npmjs.org/readable-stream/-/readable-stream-3.6.2.tgz 28841ms (cache miss)
#11 30.90 npm http fetch GET 200 https://registry.npmjs.org/graphemer/-/graphemer-1.4.0.tgz 28641ms (cache miss)
#11 30.91 npm http fetch GET 200 https://registry.npmjs.org/tar/-/tar-6.1.11.tgz 28946ms (cache miss)
#11 30.91 npm http fetch GET 200 https://registry.npmjs.org/mini-css-extract-plugin/-/mini-css-extract-plugin-2.9.0.tgz 28784ms (cache miss)
#11 30.94 npm http fetch GET 200 https://registry.npmjs.org/smart-buffer/-/smart-buffer-4.2.0.tgz 28945ms (cache miss)
#11 30.95 npm http fetch GET 200 https://registry.npmjs.org/yargs-parser/-/yargs-parser-20.2.9.tgz 28361ms (cache miss)
#11 31.00 npm http fetch GET 200 https://registry.npmjs.org/buffer/-/buffer-5.7.1.tgz 28622ms attempt #2 (cache miss)
#11 31.05 npm http fetch GET 200 https://registry.npmjs.org/json5/-/json5-2.2.3.tgz 28870ms (cache miss)
#11 31.08 npm http fetch GET 200 https://registry.npmjs.org/http2-wrapper/-/http2-wrapper-2.1.11.tgz 28831ms (cache miss)
#11 31.08 npm http fetch GET 200 https://registry.npmjs.org/envinfo/-/envinfo-7.12.0.tgz 28760ms (cache miss)
#11 31.11 npm http fetch GET 200 https://registry.npmjs.org/fastify-error-page/-/fastify-error-page-4.0.0.tgz 28820ms (cache miss)
#11 31.12 npm http fetch GET 200 https://registry.npmjs.org/acorn/-/acorn-8.11.3.tgz 28706ms attempt #2 (cache miss)
#11 31.13 npm http fetch GET 200 https://registry.npmjs.org/tildify/-/tildify-2.0.0.tgz 29170ms (cache miss)
#11 31.20 npm http fetch GET 200 https://registry.npmjs.org/jest-worker/-/jest-worker-29.7.0.tgz 29006ms (cache miss)
#11 31.21 npm http fetch GET 200 https://registry.npmjs.org/socks/-/socks-2.7.0.tgz 29219ms (cache miss)
#11 31.21 npm http fetch GET 200 https://registry.npmjs.org/regexp.prototype.flags/-/regexp.prototype.flags-1.5.2.tgz 29184ms (cache miss)
#11 31.24 npm http fetch GET 200 https://registry.npmjs.org/strip-ansi/-/strip-ansi-6.0.1.tgz 29271ms (cache miss)
#11 31.25 npm http fetch GET 200 https://registry.npmjs.org/fast-glob/-/fast-glob-3.2.11.tgz 28953ms (cache miss)
#11 31.29 npm http fetch GET 200 https://registry.npmjs.org/prompts/-/prompts-2.4.2.tgz 29233ms (cache miss)
#11 31.30 npm http fetch GET 200 https://registry.npmjs.org/postcss-modules-scope/-/postcss-modules-scope-3.2.0.tgz 29237ms (cache miss)
#11 31.32 npm http fetch GET 200 https://registry.npmjs.org/tarn/-/tarn-3.0.2.tgz 29352ms (cache miss)
#11 31.33 npm http fetch GET 200 https://registry.npmjs.org/sequelize-cli/-/sequelize-cli-6.6.2.tgz 29328ms (cache miss)
#11 31.35 npm http fetch GET 200 https://registry.npmjs.org/uuid/-/uuid-8.3.2.tgz 29418ms (cache miss)
#11 31.38 npm http fetch GET 200 https://registry.npmjs.org/semver/-/semver-7.6.0.tgz 29369ms (cache miss)
#11 31.39 npm http fetch GET 200 https://registry.npmjs.org/jackspeak/-/jackspeak-2.3.6.tgz 29189ms (cache miss)
#11 31.41 npm http fetch GET 200 https://registry.npmjs.org/concurrently/-/concurrently-8.2.2.tgz 29054ms (cache miss)
#11 31.42 npm http fetch GET 200 https://registry.npmjs.org/string_decoder/-/string_decoder-1.3.0.tgz 29443ms (cache miss)
#11 31.43 npm http fetch GET 200 https://registry.npmjs.org/i18next/-/i18next-23.11.2.tgz 29187ms (cache miss)
#11 31.44 npm http fetch GET 200 https://registry.npmjs.org/fs-extra/-/fs-extra-9.1.0.tgz 29162ms (cache miss)
#11 31.44 npm http fetch GET 200 https://registry.npmjs.org/pure-rand/-/pure-rand-6.1.0.tgz 29406ms (cache miss)
#11 31.47 npm http fetch GET 200 https://registry.npmjs.org/source-map/-/source-map-0.6.1.tgz 29483ms (cache miss)
#11 31.48 npm http fetch GET 200 https://registry.npmjs.org/yargs/-/yargs-16.2.0.tgz 28880ms (cache miss)
#11 31.48 npm http fetch GET 200 https://registry.npmjs.org/es-set-tostringtag/-/es-set-tostringtag-2.0.3.tgz 29162ms (cache miss)
#11 31.51 npm http fetch GET 200 https://registry.npmjs.org/type-fest/-/type-fest-0.20.2.tgz 29563ms (cache miss)
#11 31.51 npm http fetch GET 200 https://registry.npmjs.org/has-symbols/-/has-symbols-1.0.3.tgz 29253ms (cache miss)
#11 31.52 npm http fetch GET 200 https://registry.npmjs.org/uri-js/-/uri-js-4.4.1.tgz 29593ms (cache miss)
#11 31.53 npm http fetch GET 200 https://registry.npmjs.org/js-yaml/-/js-yaml-4.1.0.tgz 29340ms (cache miss)
#11 31.53 npm http fetch GET 200 https://registry.npmjs.org/avvio/-/avvio-8.3.0.tgz 29137ms attempt #2 (cache miss)
#11 31.54 npm http fetch GET 200 https://registry.npmjs.org/esutils/-/esutils-2.0.3.tgz 29235ms (cache miss)
#11 31.54 npm http fetch GET 200 https://registry.npmjs.org/esquery/-/esquery-1.5.0.tgz 29237ms (cache miss)
#11 31.59 npm http fetch GET 200 https://registry.npmjs.org/fast-copy/-/fast-copy-3.0.2.tgz 29294ms (cache miss)
#11 31.59 npm http fetch GET 200 https://registry.npmjs.org/got/-/got-12.3.1.tgz 29332ms (cache miss)
#11 31.59 npm http fetch GET 200 https://registry.npmjs.org/pg-protocol/-/pg-protocol-1.6.1.tgz 29517ms (cache miss)
#11 31.60 npm http fetch GET 200 https://registry.npmjs.org/globalthis/-/globalthis-1.0.3.tgz 29336ms (cache miss)
#11 31.67 npm http fetch GET 200 https://registry.npmjs.org/neo-async/-/neo-async-2.6.2.tgz 29547ms (cache miss)
#11 31.70 npm http fetch GET 200 https://registry.npmjs.org/enhanced-resolve/-/enhanced-resolve-5.16.0.tgz 29377ms (cache miss)
#11 31.73 npm http fetch GET 200 https://registry.npmjs.org/markdown-it/-/markdown-it-13.0.2.tgz 29575ms (cache miss)
#11 31.73 npm http fetch GET 200 https://registry.npmjs.org/generify/-/generify-4.2.0.tgz 29459ms (cache miss)
#11 31.75 npm http fetch GET 200 https://registry.npmjs.org/typed-array-byte-length/-/typed-array-byte-length-1.0.1.tgz 29805ms (cache miss)
#11 31.76 npm http fetch GET 200 https://registry.npmjs.org/glob/-/glob-10.3.12.tgz 29494ms (cache miss)
#11 31.78 npm http fetch GET 200 https://registry.npmjs.org/istanbul-reports/-/istanbul-reports-3.1.7.tgz 29570ms (cache miss)
#11 31.78 npm http fetch GET 200 https://registry.npmjs.org/type-check/-/type-check-0.4.0.tgz 29833ms (cache miss)
#11 31.80 npm http fetch GET 200 https://registry.npmjs.org/sigstore/-/sigstore-1.9.0.tgz 29810ms (cache miss)
#11 31.82 npm http fetch GET 200 https://registry.npmjs.org/bluebird/-/bluebird-3.7.2.tgz 29444ms attempt #2 (cache miss)
#11 31.84 npm http fetch GET 200 https://registry.npmjs.org/jest-worker/-/jest-worker-27.5.1.tgz 29262ms (cache miss)
#11 31.86 npm http fetch GET 200 https://registry.npmjs.org/babel-plugin-istanbul/-/babel-plugin-istanbul-6.1.1.tgz 29466ms attempt #2 (cache miss)
#11 31.87 npm http fetch GET 200 https://registry.npmjs.org/jest-resolve/-/jest-resolve-29.7.0.tgz 29673ms (cache miss)
#11 31.88 npm http fetch GET 200 https://registry.npmjs.org/@npmcli/fs/-/fs-1.1.1.tgz 29290ms (cache miss)
#11 31.88 npm http fetch GET 200 https://registry.npmjs.org/db-errors/-/db-errors-0.2.3.tgz 29544ms (cache miss)
#11 31.90 npm http fetch GET 200 https://registry.npmjs.org/pino-pretty/-/pino-pretty-11.0.0.tgz 29826ms (cache miss)
#11 31.90 npm http fetch GET 200 https://registry.npmjs.org/node-addon-api/-/node-addon-api-4.3.0.tgz 29783ms (cache miss)
#11 31.94 npm http fetch GET 200 https://registry.npmjs.org/iconv-lite/-/iconv-lite-0.6.3.tgz 29692ms (cache miss)
#11 31.98 npm http fetch GET 200 https://registry.npmjs.org/fast-json-stringify/-/fast-json-stringify-5.14.1.tgz 29688ms (cache miss)
#11 32.00 npm http fetch GET 200 https://registry.npmjs.org/find-my-way/-/find-my-way-8.1.0.tgz 29722ms (cache miss)
#11 32.02 npm http fetch GET 200 https://registry.npmjs.org/tsconfig-paths/-/tsconfig-paths-3.15.0.tgz 30069ms (cache miss)
#11 32.06 npm http fetch GET 200 https://registry.npmjs.org/pg/-/pg-8.11.5.tgz 29986ms (cache miss)
#11 32.08 npm http fetch GET 200 https://registry.npmjs.org/jest-haste-map/-/jest-haste-map-29.7.0.tgz 29876ms (cache miss)
#11 32.11 npm http fetch GET 200 https://registry.npmjs.org/jju/-/jju-1.4.0.tgz 29923ms (cache miss)
#11 32.18 npm http fetch GET 200 https://registry.npmjs.org/js-beautify/-/js-beautify-1.15.1.tgz 29994ms (cache miss)
#11 32.19 npm http fetch GET 200 https://registry.npmjs.org/resolve/-/resolve-1.22.8.tgz 30173ms (cache miss)
#11 32.27 npm http fetch GET 200 https://registry.npmjs.org/qs/-/qs-6.12.1.tgz 30235ms (cache miss)
#11 32.46 npm http fetch GET 200 https://registry.npmjs.org/@types/node/-/node-20.12.7.tgz 30019ms attempt #2 (cache miss)
#11 32.51 npm http fetch GET 200 https://registry.npmjs.org/postcss/-/postcss-8.4.38.tgz 30447ms (cache miss)
#11 32.60 npm http fetch GET 200 https://registry.npmjs.org/ajv/-/ajv-6.12.6.tgz 30188ms attempt #2 (cache miss)
#11 32.64 npm http fetch GET 200 https://registry.npmjs.org/jquery/-/jquery-3.7.1.tgz 30456ms (cache miss)
#11 32.65 npm http fetch GET 200 https://registry.npmjs.org/isexe/-/isexe-2.0.0.tgz 30432ms (cache miss)
#11 32.71 npm http fetch GET 200 https://registry.npmjs.org/pino/-/pino-8.20.0.tgz 30640ms (cache miss)
#11 32.88 npm http fetch GET 200 https://registry.npmjs.org/fastify-cli/-/fastify-cli-6.1.1.tgz 30592ms (cache miss)
#11 32.89 npm http fetch GET 200 https://registry.npmjs.org/node-gyp/-/node-gyp-9.4.1.tgz 30771ms (cache miss)
#11 32.91 npm http fetch GET 200 https://registry.npmjs.org/node-gyp/-/node-gyp-8.4.1.tgz 30329ms (cache miss)
#11 32.95 npm http fetch GET 200 https://registry.npmjs.org/npm-check-updates/-/npm-check-updates-16.14.18.tgz 30842ms (cache miss)
#11 33.32 npm http fetch GET 200 https://registry.npmjs.org/objection/-/objection-3.1.4.tgz 31219ms (cache miss)
#11 33.38 npm http fetch GET 200 https://registry.npmjs.org/knex/-/knex-3.1.0.tgz 31206ms (cache miss)
#11 33.42 npm http fetch GET 200 https://registry.npmjs.org/eslint-plugin-import/-/eslint-plugin-import-2.29.1.tgz 31110ms (cache miss)
#11 33.62 npm http fetch GET 200 https://registry.npmjs.org/es5-ext/-/es5-ext-0.10.64.tgz 31299ms (cache miss)
#11 33.66 npm http fetch GET 200 https://registry.npmjs.org/fastify/-/fastify-4.26.2.tgz 31369ms (cache miss)
#11 33.75 npm http fetch GET 200 https://registry.npmjs.org/sequelize/-/sequelize-6.37.3.tgz 31741ms (cache miss)
#11 33.82 npm http fetch GET 200 https://registry.npmjs.org/ajv/-/ajv-8.11.0.tgz 31227ms (cache miss)
#11 33.85 npm http fetch GET 200 https://registry.npmjs.org/terser/-/terser-5.30.4.tgz 31887ms (cache miss)
#11 33.91 npm http fetch GET 200 https://registry.npmjs.org/eslint/-/eslint-8.57.0.tgz 31600ms (cache miss)
#11 34.06 npm http fetch GET 200 https://registry.npmjs.org/moment-timezone/-/moment-timezone-0.5.45.tgz 31933ms (cache miss)
#11 34.24 npm http fetch GET 200 https://registry.npmjs.org/bootstrap/-/bootstrap-5.3.3.tgz 31865ms attempt #2 (cache miss)
#11 34.27 npm http fetch GET 200 https://registry.npmjs.org/thread-stream/-/thread-stream-2.6.0.tgz 32315ms (cache miss)
#11 34.41 npm http fetch GET 200 https://registry.npmjs.org/moment/-/moment-2.30.1.tgz 32284ms (cache miss)
#11 34.47 npm http fetch GET 200 https://registry.npmjs.org/lodash/-/lodash-4.17.21.tgz 32299ms (cache miss)
#11 35.41 npm http fetch GET 200 https://registry.npmjs.org/es-abstract/-/es-abstract-1.23.3.tgz 33091ms (cache miss)
#11 35.47 npm http fetch GET 200 https://registry.npmjs.org/sodium-native/-/sodium-native-4.1.1.tgz 33483ms (cache miss)
#11 35.74 npm http fetch GET 200 https://registry.npmjs.org/rxjs/-/rxjs-7.8.1.tgz 33723ms (cache miss)
#11 36.54 npm http fetch GET 200 https://registry.npmjs.org/better-sqlite3/-/better-sqlite3-8.7.0.tgz 34152ms attempt #2 (cache miss)
#11 37.29 npm http fetch GET 200 https://registry.npmjs.org/sqlite3/-/sqlite3-5.1.7.tgz 35316ms (cache miss)
#11 40.51 npm http fetch GET 200 https://registry.npmjs.org/date-fns/-/date-fns-2.30.0.tgz 38163ms (cache miss)
